debug: Wed, 13 Apr 2022 08:59:48 GMT
debug: Project: /Users/liuhongbo/Downloads/NaughtyMonkey/parkour
debug: Targets: editor,preview
debug: Incremental file seems great.
debug: Engine path: /Applications/CocosCreator/Creator/3.4.1/CocosCreator.app/Contents/Resources/resources/3d/engine
debug: Initializing target [Editor]
debug: Loading cache
debug: Loading cache costs 2.040458023548126ms.
debug: Engine features shipped in editor: base,gfx-webgl,gfx-webgl2,3d,2d,ui,particle,particle-2d,physics-framework,physics-2d-framework,intersection-2d,primitive,profiler,audio,video,terrain,webview,tween,tiled-map,spine,dragon-bones,marionette
debug: Initializing target [Preview]
debug: Loading cache
debug: Loading cache costs 1.32779198884964ms.
debug: Sync engine features: base,gfx-webgl,gfx-webgl2,2d,ui,physics-2d-box2d,intersection-2d,profiler,particle-2d,audio,video,webview,tween,tiled-map,spine,dragon-bones,marionette
debug: Pulling asset-db.
debug: Fetch asset-db cost: 44.88849997520447ms.
debug: Build iteration starts.
Number of accumulated asset changes: 16
Feature changed: false
debug: Target(editor) build started.
debug: Detected change: cce:/internal/x/cc. Last mtime: Thu Jan 01 1970 08:00:07 GMT+0800 (中国标准时间), Current mtime: Thu Jan 01 1970 08:00:10 GMT+0800 (中国标准时间)
debug: Inspect cce:/internal/x/cc
debug: Resolve cce:/internal/x/cc-fu/base from cce:/internal/x/cc as external dependency cce:/internal/x/cc-fu/base.
debug: Resolve cce:/internal/x/cc-fu/gfx-webgl from cce:/internal/x/cc as external dependency cce:/internal/x/cc-fu/gfx-webgl.
debug: Resolve cce:/internal/x/cc-fu/gfx-webgl2 from cce:/internal/x/cc as external dependency cce:/internal/x/cc-fu/gfx-webgl2.
debug: Resolve cce:/internal/x/cc-fu/3d from cce:/internal/x/cc as external dependency cce:/internal/x/cc-fu/3d.
debug: Resolve cce:/internal/x/cc-fu/2d from cce:/internal/x/cc as external dependency cce:/internal/x/cc-fu/2d.
debug: Resolve cce:/internal/x/cc-fu/ui from cce:/internal/x/cc as external dependency cce:/internal/x/cc-fu/ui.
debug: Resolve cce:/internal/x/cc-fu/particle from cce:/internal/x/cc as external dependency cce:/internal/x/cc-fu/particle.
debug: Resolve cce:/internal/x/cc-fu/particle-2d from cce:/internal/x/cc as external dependency cce:/internal/x/cc-fu/particle-2d.
debug: Resolve cce:/internal/x/cc-fu/physics-framework from cce:/internal/x/cc as external dependency cce:/internal/x/cc-fu/physics-framework.
debug: Resolve cce:/internal/x/cc-fu/physics-2d-framework from cce:/internal/x/cc as external dependency cce:/internal/x/cc-fu/physics-2d-framework.
debug: Resolve cce:/internal/x/cc-fu/intersection-2d from cce:/internal/x/cc as external dependency cce:/internal/x/cc-fu/intersection-2d.
debug: Resolve cce:/internal/x/cc-fu/primitive from cce:/internal/x/cc as external dependency cce:/internal/x/cc-fu/primitive.
debug: Resolve cce:/internal/x/cc-fu/profiler from cce:/internal/x/cc as external dependency cce:/internal/x/cc-fu/profiler.
debug: Resolve cce:/internal/x/cc-fu/audio from cce:/internal/x/cc as external dependency cce:/internal/x/cc-fu/audio.
debug: Resolve cce:/internal/x/cc-fu/video from cce:/internal/x/cc as external dependency cce:/internal/x/cc-fu/video.
debug: Resolve cce:/internal/x/cc-fu/terrain from cce:/internal/x/cc as external dependency cce:/internal/x/cc-fu/terrain.
debug: Resolve cce:/internal/x/cc-fu/webview from cce:/internal/x/cc as external dependency cce:/internal/x/cc-fu/webview.
debug: Resolve cce:/internal/x/cc-fu/tween from cce:/internal/x/cc as external dependency cce:/internal/x/cc-fu/tween.
debug: Resolve cce:/internal/x/cc-fu/tiled-map from cce:/internal/x/cc as external dependency cce:/internal/x/cc-fu/tiled-map.
debug: Resolve cce:/internal/x/cc-fu/spine from cce:/internal/x/cc as external dependency cce:/internal/x/cc-fu/spine.
debug: Resolve cce:/internal/x/cc-fu/dragon-bones from cce:/internal/x/cc as external dependency cce:/internal/x/cc-fu/dragon-bones.
debug: Detected change: cce:/internal/x/prerequisite-imports. Last mtime: Thu Jan 01 1970 08:00:16 GMT+0800 (中国标准时间), Current mtime: Thu Jan 01 1970 08:00:26 GMT+0800 (中国标准时间)
debug: Inspect cce:/internal/x/prerequisite-imports
debug: Resolve file:///Users/liuhongbo/Downloads/NaughtyMonkey/parkour/assets/BeeController.ts from cce:/internal/x/prerequisite-imports as file:///Users/liuhongbo/Downloads/NaughtyMonkey/parkour/assets/BeeController.ts.
debug: Resolve file:///Users/liuhongbo/Downloads/NaughtyMonkey/parkour/assets/BirdController.ts from cce:/internal/x/prerequisite-imports as file:///Users/liuhongbo/Downloads/NaughtyMonkey/parkour/assets/BirdController.ts.
debug: Resolve file:///Users/liuhongbo/Downloads/NaughtyMonkey/parkour/assets/CanvasController.ts from cce:/internal/x/prerequisite-imports as file:///Users/liuhongbo/Downloads/NaughtyMonkey/parkour/assets/CanvasController.ts.
debug: Resolve file:///Users/liuhongbo/Downloads/NaughtyMonkey/parkour/assets/HedgehogController.ts from cce:/internal/x/prerequisite-imports as file:///Users/liuhongbo/Downloads/NaughtyMonkey/parkour/assets/HedgehogController.ts.
debug: Resolve file:///Users/liuhongbo/Downloads/NaughtyMonkey/parkour/assets/HugeBirdController.ts from cce:/internal/x/prerequisite-imports as file:///Users/liuhongbo/Downloads/NaughtyMonkey/parkour/assets/HugeBirdController.ts.
debug: Resolve file:///Users/liuhongbo/Downloads/NaughtyMonkey/parkour/assets/RestartButtonController.ts from cce:/internal/x/prerequisite-imports as file:///Users/liuhongbo/Downloads/NaughtyMonkey/parkour/assets/RestartButtonController.ts.
debug: Resolve file:///Users/liuhongbo/Downloads/NaughtyMonkey/parkour/assets/SceneController.ts from cce:/internal/x/prerequisite-imports as file:///Users/liuhongbo/Downloads/NaughtyMonkey/parkour/assets/SceneController.ts.
debug: Resolve file:///Users/liuhongbo/Downloads/NaughtyMonkey/parkour/assets/StartButtonController.ts from cce:/internal/x/prerequisite-imports as file:///Users/liuhongbo/Downloads/NaughtyMonkey/parkour/assets/StartButtonController.ts.
debug: Resolve file:///Users/liuhongbo/Downloads/NaughtyMonkey/parkour/assets/StoneController.ts from cce:/internal/x/prerequisite-imports as file:///Users/liuhongbo/Downloads/NaughtyMonkey/parkour/assets/StoneController.ts.
debug: Resolve file:///Users/liuhongbo/Downloads/NaughtyMonkey/parkour/assets/TreeController.ts from cce:/internal/x/prerequisite-imports as file:///Users/liuhongbo/Downloads/NaughtyMonkey/parkour/assets/TreeController.ts.
debug: Resolve file:///Users/liuhongbo/Downloads/NaughtyMonkey/parkour/assets/monkey_controller.ts from cce:/internal/x/prerequisite-imports as file:///Users/liuhongbo/Downloads/NaughtyMonkey/parkour/assets/monkey_controller.ts.
debug: Resolve file:///Users/liuhongbo/Downloads/NaughtyMonkey/parkour/assets/script/bananaControl.ts from cce:/internal/x/prerequisite-imports as file:///Users/liuhongbo/Downloads/NaughtyMonkey/parkour/assets/script/bananaControl.ts.
debug: Resolve file:///Users/liuhongbo/Downloads/NaughtyMonkey/parkour/assets/script/bananaManager.ts from cce:/internal/x/prerequisite-imports as file:///Users/liuhongbo/Downloads/NaughtyMonkey/parkour/assets/script/bananaManager.ts.
debug: Resolve file:///Users/liuhongbo/Downloads/NaughtyMonkey/parkour/assets/script/loadingControl.ts from cce:/internal/x/prerequisite-imports as file:///Users/liuhongbo/Downloads/NaughtyMonkey/parkour/assets/script/loadingControl.ts.
debug: Resolve file:///Users/liuhongbo/Downloads/NaughtyMonkey/parkour/assets/script/shieldControl.ts from cce:/internal/x/prerequisite-imports as file:///Users/liuhongbo/Downloads/NaughtyMonkey/parkour/assets/script/shieldControl.ts.
debug: Resolve file:///Users/liuhongbo/Downloads/NaughtyMonkey/parkour/assets/script/shieldManager.ts from cce:/internal/x/prerequisite-imports as file:///Users/liuhongbo/Downloads/NaughtyMonkey/parkour/assets/script/shieldManager.ts.
debug: Inspect file:///Users/liuhongbo/Downloads/NaughtyMonkey/parkour/assets/BeeController.ts
debug: Inspect file:///Users/liuhongbo/Downloads/NaughtyMonkey/parkour/assets/BirdController.ts
debug: Inspect file:///Users/liuhongbo/Downloads/NaughtyMonkey/parkour/assets/CanvasController.ts
debug: Inspect file:///Users/liuhongbo/Downloads/NaughtyMonkey/parkour/assets/HedgehogController.ts
debug: Inspect file:///Users/liuhongbo/Downloads/NaughtyMonkey/parkour/assets/HugeBirdController.ts
debug: Inspect file:///Users/liuhongbo/Downloads/NaughtyMonkey/parkour/assets/RestartButtonController.ts
debug: Inspect file:///Users/liuhongbo/Downloads/NaughtyMonkey/parkour/assets/SceneController.ts
debug: Inspect file:///Users/liuhongbo/Downloads/NaughtyMonkey/parkour/assets/StartButtonController.ts
debug: Inspect file:///Users/liuhongbo/Downloads/NaughtyMonkey/parkour/assets/StoneController.ts
debug: Inspect file:///Users/liuhongbo/Downloads/NaughtyMonkey/parkour/assets/TreeController.ts
debug: Inspect file:///Users/liuhongbo/Downloads/NaughtyMonkey/parkour/assets/monkey_controller.ts
debug: Inspect file:///Users/liuhongbo/Downloads/NaughtyMonkey/parkour/assets/script/bananaControl.ts
debug: Inspect file:///Users/liuhongbo/Downloads/NaughtyMonkey/parkour/assets/script/bananaManager.ts
debug: Inspect file:///Users/liuhongbo/Downloads/NaughtyMonkey/parkour/assets/script/loadingControl.ts
debug: Inspect file:///Users/liuhongbo/Downloads/NaughtyMonkey/parkour/assets/script/shieldControl.ts
debug: Inspect file:///Users/liuhongbo/Downloads/NaughtyMonkey/parkour/assets/script/shieldManager.ts
debug: Resolve cce:/internal/code-quality/cr.mjs from file:///Users/liuhongbo/Downloads/NaughtyMonkey/parkour/assets/BeeController.ts as cce:/internal/code-quality/cr.mjs.
debug: Resolve cc from file:///Users/liuhongbo/Downloads/NaughtyMonkey/parkour/assets/BeeController.ts as cce:/internal/x/cc.
debug: Resolve cc from file:///Users/liuhongbo/Downloads/NaughtyMonkey/parkour/assets/BeeController.ts as cce:/internal/x/cc.
debug: Detected change: cce:/internal/code-quality/cr.mjs. Last mtime: Thu Apr 07 2022 21:01:39 GMT+0800 (中国标准时间), Current mtime: Wed Apr 13 2022 16:59:38 GMT+0800 (中国标准时间)
debug: Inspect cce:/internal/code-quality/cr.mjs
debug: Resolve cce:/internal/code-quality/cr.mjs from file:///Users/liuhongbo/Downloads/NaughtyMonkey/parkour/assets/CanvasController.ts as cce:/internal/code-quality/cr.mjs.
debug: Resolve cc from file:///Users/liuhongbo/Downloads/NaughtyMonkey/parkour/assets/CanvasController.ts as cce:/internal/x/cc.
debug: Resolve cc from file:///Users/liuhongbo/Downloads/NaughtyMonkey/parkour/assets/CanvasController.ts as cce:/internal/x/cc.
debug: Resolve cce:/internal/code-quality/cr.mjs from file:///Users/liuhongbo/Downloads/NaughtyMonkey/parkour/assets/BirdController.ts as cce:/internal/code-quality/cr.mjs.
debug: Resolve cc from file:///Users/liuhongbo/Downloads/NaughtyMonkey/parkour/assets/BirdController.ts as cce:/internal/x/cc.
debug: Resolve cc from file:///Users/liuhongbo/Downloads/NaughtyMonkey/parkour/assets/BirdController.ts as cce:/internal/x/cc.
debug: Resolve cce:/internal/code-quality/cr.mjs from file:///Users/liuhongbo/Downloads/NaughtyMonkey/parkour/assets/HugeBirdController.ts as cce:/internal/code-quality/cr.mjs.
debug: Resolve cc from file:///Users/liuhongbo/Downloads/NaughtyMonkey/parkour/assets/HugeBirdController.ts as cce:/internal/x/cc.
debug: Resolve cc from file:///Users/liuhongbo/Downloads/NaughtyMonkey/parkour/assets/HugeBirdController.ts as cce:/internal/x/cc.
debug: Resolve cc from file:///Users/liuhongbo/Downloads/NaughtyMonkey/parkour/assets/TreeController.ts as cce:/internal/x/cc.
debug: Resolve cc from file:///Users/liuhongbo/Downloads/NaughtyMonkey/parkour/assets/TreeController.ts as cce:/internal/x/cc.
debug: Resolve cce:/internal/code-quality/cr.mjs from file:///Users/liuhongbo/Downloads/NaughtyMonkey/parkour/assets/HedgehogController.ts as cce:/internal/code-quality/cr.mjs.
debug: Resolve cc from file:///Users/liuhongbo/Downloads/NaughtyMonkey/parkour/assets/HedgehogController.ts as cce:/internal/x/cc.
debug: Resolve cc from file:///Users/liuhongbo/Downloads/NaughtyMonkey/parkour/assets/HedgehogController.ts as cce:/internal/x/cc.
debug: Resolve cc from file:///Users/liuhongbo/Downloads/NaughtyMonkey/parkour/assets/SceneController.ts as cce:/internal/x/cc.
debug: Resolve cc from file:///Users/liuhongbo/Downloads/NaughtyMonkey/parkour/assets/SceneController.ts as cce:/internal/x/cc.
debug: Resolve cce:/internal/code-quality/cr.mjs from file:///Users/liuhongbo/Downloads/NaughtyMonkey/parkour/assets/monkey_controller.ts as cce:/internal/code-quality/cr.mjs.
debug: Resolve cc from file:///Users/liuhongbo/Downloads/NaughtyMonkey/parkour/assets/monkey_controller.ts as cce:/internal/x/cc.
debug: Resolve cc from file:///Users/liuhongbo/Downloads/NaughtyMonkey/parkour/assets/monkey_controller.ts as cce:/internal/x/cc.
debug: Resolve cce:/internal/code-quality/cr.mjs from file:///Users/liuhongbo/Downloads/NaughtyMonkey/parkour/assets/script/bananaManager.ts as cce:/internal/code-quality/cr.mjs.
debug: Resolve cc from file:///Users/liuhongbo/Downloads/NaughtyMonkey/parkour/assets/script/bananaManager.ts as cce:/internal/x/cc.
debug: Resolve cc from file:///Users/liuhongbo/Downloads/NaughtyMonkey/parkour/assets/script/bananaManager.ts as cce:/internal/x/cc.
debug: Resolve cce:/internal/code-quality/cr.mjs from file:///Users/liuhongbo/Downloads/NaughtyMonkey/parkour/assets/StoneController.ts as cce:/internal/code-quality/cr.mjs.
debug: Resolve cc from file:///Users/liuhongbo/Downloads/NaughtyMonkey/parkour/assets/StoneController.ts as cce:/internal/x/cc.
debug: Resolve cc from file:///Users/liuhongbo/Downloads/NaughtyMonkey/parkour/assets/StoneController.ts as cce:/internal/x/cc.
debug: Resolve cc from file:///Users/liuhongbo/Downloads/NaughtyMonkey/parkour/assets/script/bananaControl.ts as cce:/internal/x/cc.
debug: Resolve cc from file:///Users/liuhongbo/Downloads/NaughtyMonkey/parkour/assets/script/bananaControl.ts as cce:/internal/x/cc.
debug: Resolve cc from file:///Users/liuhongbo/Downloads/NaughtyMonkey/parkour/assets/RestartButtonController.ts as cce:/internal/x/cc.
debug: Resolve cc from file:///Users/liuhongbo/Downloads/NaughtyMonkey/parkour/assets/RestartButtonController.ts as cce:/internal/x/cc.
debug: Resolve cc from file:///Users/liuhongbo/Downloads/NaughtyMonkey/parkour/assets/StartButtonController.ts as cce:/internal/x/cc.
debug: Resolve cc from file:///Users/liuhongbo/Downloads/NaughtyMonkey/parkour/assets/StartButtonController.ts as cce:/internal/x/cc.
debug: Resolve cc from file:///Users/liuhongbo/Downloads/NaughtyMonkey/parkour/assets/script/shieldControl.ts as cce:/internal/x/cc.
debug: Resolve cc from file:///Users/liuhongbo/Downloads/NaughtyMonkey/parkour/assets/script/shieldControl.ts as cce:/internal/x/cc.
debug: Resolve cc from file:///Users/liuhongbo/Downloads/NaughtyMonkey/parkour/assets/script/loadingControl.ts as cce:/internal/x/cc.
debug: Resolve cc from file:///Users/liuhongbo/Downloads/NaughtyMonkey/parkour/assets/script/loadingControl.ts as cce:/internal/x/cc.
debug: Resolve cc from file:///Users/liuhongbo/Downloads/NaughtyMonkey/parkour/assets/script/shieldManager.ts as cce:/internal/x/cc.
debug: Resolve cc from file:///Users/liuhongbo/Downloads/NaughtyMonkey/parkour/assets/script/shieldManager.ts as cce:/internal/x/cc.
debug: Resolve ./monkey_controller from file:///Users/liuhongbo/Downloads/NaughtyMonkey/parkour/assets/BeeController.ts as file:///Users/liuhongbo/Downloads/NaughtyMonkey/parkour/assets/monkey_controller.ts.
debug: Resolve ./monkey_controller from file:///Users/liuhongbo/Downloads/NaughtyMonkey/parkour/assets/CanvasController.ts as file:///Users/liuhongbo/Downloads/NaughtyMonkey/parkour/assets/monkey_controller.ts.
debug: Resolve ./BeeController from file:///Users/liuhongbo/Downloads/NaughtyMonkey/parkour/assets/CanvasController.ts as file:///Users/liuhongbo/Downloads/NaughtyMonkey/parkour/assets/BeeController.ts.
debug: Resolve ./BirdController from file:///Users/liuhongbo/Downloads/NaughtyMonkey/parkour/assets/CanvasController.ts as file:///Users/liuhongbo/Downloads/NaughtyMonkey/parkour/assets/BirdController.ts.
debug: Resolve ./HugeBirdController from file:///Users/liuhongbo/Downloads/NaughtyMonkey/parkour/assets/CanvasController.ts as file:///Users/liuhongbo/Downloads/NaughtyMonkey/parkour/assets/HugeBirdController.ts.
debug: Resolve ./StoneController from file:///Users/liuhongbo/Downloads/NaughtyMonkey/parkour/assets/CanvasController.ts as file:///Users/liuhongbo/Downloads/NaughtyMonkey/parkour/assets/StoneController.ts.
debug: Resolve ./HedgehogController from file:///Users/liuhongbo/Downloads/NaughtyMonkey/parkour/assets/CanvasController.ts as file:///Users/liuhongbo/Downloads/NaughtyMonkey/parkour/assets/HedgehogController.ts.
debug: Resolve ./TreeController from file:///Users/liuhongbo/Downloads/NaughtyMonkey/parkour/assets/CanvasController.ts as file:///Users/liuhongbo/Downloads/NaughtyMonkey/parkour/assets/TreeController.ts.
debug: Resolve ./monkey_controller from file:///Users/liuhongbo/Downloads/NaughtyMonkey/parkour/assets/BirdController.ts as file:///Users/liuhongbo/Downloads/NaughtyMonkey/parkour/assets/monkey_controller.ts.
debug: Resolve ./monkey_controller from file:///Users/liuhongbo/Downloads/NaughtyMonkey/parkour/assets/HugeBirdController.ts as file:///Users/liuhongbo/Downloads/NaughtyMonkey/parkour/assets/monkey_controller.ts.
debug: Resolve ./monkey_controller from file:///Users/liuhongbo/Downloads/NaughtyMonkey/parkour/assets/HedgehogController.ts as file:///Users/liuhongbo/Downloads/NaughtyMonkey/parkour/assets/monkey_controller.ts.
debug: Resolve ./HedgehogController from file:///Users/liuhongbo/Downloads/NaughtyMonkey/parkour/assets/monkey_controller.ts as file:///Users/liuhongbo/Downloads/NaughtyMonkey/parkour/assets/HedgehogController.ts.
debug: Resolve ./script/bananaControl from file:///Users/liuhongbo/Downloads/NaughtyMonkey/parkour/assets/monkey_controller.ts as file:///Users/liuhongbo/Downloads/NaughtyMonkey/parkour/assets/script/bananaControl.ts.
debug: Resolve ./script/shieldControl from file:///Users/liuhongbo/Downloads/NaughtyMonkey/parkour/assets/monkey_controller.ts as file:///Users/liuhongbo/Downloads/NaughtyMonkey/parkour/assets/script/shieldControl.ts.
debug: Resolve ./BeeController from file:///Users/liuhongbo/Downloads/NaughtyMonkey/parkour/assets/monkey_controller.ts as file:///Users/liuhongbo/Downloads/NaughtyMonkey/parkour/assets/BeeController.ts.
debug: Resolve ./script/bananaManager from file:///Users/liuhongbo/Downloads/NaughtyMonkey/parkour/assets/monkey_controller.ts as file:///Users/liuhongbo/Downloads/NaughtyMonkey/parkour/assets/script/bananaManager.ts.
debug: Resolve ./bananaControl from file:///Users/liuhongbo/Downloads/NaughtyMonkey/parkour/assets/script/bananaManager.ts as file:///Users/liuhongbo/Downloads/NaughtyMonkey/parkour/assets/script/bananaControl.ts.
debug: Resolve ./monkey_controller from file:///Users/liuhongbo/Downloads/NaughtyMonkey/parkour/assets/StoneController.ts as file:///Users/liuhongbo/Downloads/NaughtyMonkey/parkour/assets/monkey_controller.ts.
debug: Resolve ./TreeController from file:///Users/liuhongbo/Downloads/NaughtyMonkey/parkour/assets/StoneController.ts as file:///Users/liuhongbo/Downloads/NaughtyMonkey/parkour/assets/TreeController.ts.
debug: Target(editor) ends with cost 1583.0163750052452ms.
debug: Target(preview) build started.
debug: Detected change: cce:/internal/x/cc. Last mtime: Thu Jan 01 1970 08:00:07 GMT+0800 (中国标准时间), Current mtime: Thu Jan 01 1970 08:00:10 GMT+0800 (中国标准时间)
debug: Inspect cce:/internal/x/cc
debug: Resolve cce:/internal/x/cc-fu/base from cce:/internal/x/cc as external dependency cce:/internal/x/cc-fu/base.
debug: Resolve cce:/internal/x/cc-fu/gfx-webgl from cce:/internal/x/cc as external dependency cce:/internal/x/cc-fu/gfx-webgl.
debug: Resolve cce:/internal/x/cc-fu/gfx-webgl2 from cce:/internal/x/cc as external dependency cce:/internal/x/cc-fu/gfx-webgl2.
debug: Resolve cce:/internal/x/cc-fu/2d from cce:/internal/x/cc as external dependency cce:/internal/x/cc-fu/2d.
debug: Resolve cce:/internal/x/cc-fu/ui from cce:/internal/x/cc as external dependency cce:/internal/x/cc-fu/ui.
debug: Resolve cce:/internal/x/cc-fu/physics-2d-box2d from cce:/internal/x/cc as external dependency cce:/internal/x/cc-fu/physics-2d-box2d.
debug: Resolve cce:/internal/x/cc-fu/physics-2d-framework from cce:/internal/x/cc as external dependency cce:/internal/x/cc-fu/physics-2d-framework.
debug: Resolve cce:/internal/x/cc-fu/intersection-2d from cce:/internal/x/cc as external dependency cce:/internal/x/cc-fu/intersection-2d.
debug: Resolve cce:/internal/x/cc-fu/profiler from cce:/internal/x/cc as external dependency cce:/internal/x/cc-fu/profiler.
debug: Resolve cce:/internal/x/cc-fu/particle-2d from cce:/internal/x/cc as external dependency cce:/internal/x/cc-fu/particle-2d.
debug: Resolve cce:/internal/x/cc-fu/audio from cce:/internal/x/cc as external dependency cce:/internal/x/cc-fu/audio.
debug: Resolve cce:/internal/x/cc-fu/video from cce:/internal/x/cc as external dependency cce:/internal/x/cc-fu/video.
debug: Resolve cce:/internal/x/cc-fu/webview from cce:/internal/x/cc as external dependency cce:/internal/x/cc-fu/webview.
debug: Resolve cce:/internal/x/cc-fu/tween from cce:/internal/x/cc as external dependency cce:/internal/x/cc-fu/tween.
debug: Resolve cce:/internal/x/cc-fu/tiled-map from cce:/internal/x/cc as external dependency cce:/internal/x/cc-fu/tiled-map.
debug: Resolve cce:/internal/x/cc-fu/spine from cce:/internal/x/cc as external dependency cce:/internal/x/cc-fu/spine.
debug: Resolve cce:/internal/x/cc-fu/dragon-bones from cce:/internal/x/cc as external dependency cce:/internal/x/cc-fu/dragon-bones.
debug: Detected change: cce:/internal/x/prerequisite-imports. Last mtime: Thu Jan 01 1970 08:00:16 GMT+0800 (中国标准时间), Current mtime: Thu Jan 01 1970 08:00:28 GMT+0800 (中国标准时间)
debug: Inspect cce:/internal/x/prerequisite-imports
debug: Resolve file:///Users/liuhongbo/Downloads/NaughtyMonkey/parkour/assets/BeeController.ts from cce:/internal/x/prerequisite-imports as file:///Users/liuhongbo/Downloads/NaughtyMonkey/parkour/assets/BeeController.ts.
debug: Resolve file:///Users/liuhongbo/Downloads/NaughtyMonkey/parkour/assets/BirdController.ts from cce:/internal/x/prerequisite-imports as file:///Users/liuhongbo/Downloads/NaughtyMonkey/parkour/assets/BirdController.ts.
debug: Resolve file:///Users/liuhongbo/Downloads/NaughtyMonkey/parkour/assets/CanvasController.ts from cce:/internal/x/prerequisite-imports as file:///Users/liuhongbo/Downloads/NaughtyMonkey/parkour/assets/CanvasController.ts.
debug: Resolve file:///Users/liuhongbo/Downloads/NaughtyMonkey/parkour/assets/HedgehogController.ts from cce:/internal/x/prerequisite-imports as file:///Users/liuhongbo/Downloads/NaughtyMonkey/parkour/assets/HedgehogController.ts.
debug: Resolve file:///Users/liuhongbo/Downloads/NaughtyMonkey/parkour/assets/HugeBirdController.ts from cce:/internal/x/prerequisite-imports as file:///Users/liuhongbo/Downloads/NaughtyMonkey/parkour/assets/HugeBirdController.ts.
debug: Resolve file:///Users/liuhongbo/Downloads/NaughtyMonkey/parkour/assets/RestartButtonController.ts from cce:/internal/x/prerequisite-imports as file:///Users/liuhongbo/Downloads/NaughtyMonkey/parkour/assets/RestartButtonController.ts.
debug: Resolve file:///Users/liuhongbo/Downloads/NaughtyMonkey/parkour/assets/SceneController.ts from cce:/internal/x/prerequisite-imports as file:///Users/liuhongbo/Downloads/NaughtyMonkey/parkour/assets/SceneController.ts.
debug: Resolve file:///Users/liuhongbo/Downloads/NaughtyMonkey/parkour/assets/StartButtonController.ts from cce:/internal/x/prerequisite-imports as file:///Users/liuhongbo/Downloads/NaughtyMonkey/parkour/assets/StartButtonController.ts.
debug: Resolve file:///Users/liuhongbo/Downloads/NaughtyMonkey/parkour/assets/StoneController.ts from cce:/internal/x/prerequisite-imports as file:///Users/liuhongbo/Downloads/NaughtyMonkey/parkour/assets/StoneController.ts.
debug: Resolve file:///Users/liuhongbo/Downloads/NaughtyMonkey/parkour/assets/TreeController.ts from cce:/internal/x/prerequisite-imports as file:///Users/liuhongbo/Downloads/NaughtyMonkey/parkour/assets/TreeController.ts.
debug: Resolve file:///Users/liuhongbo/Downloads/NaughtyMonkey/parkour/assets/monkey_controller.ts from cce:/internal/x/prerequisite-imports as file:///Users/liuhongbo/Downloads/NaughtyMonkey/parkour/assets/monkey_controller.ts.
debug: Resolve file:///Users/liuhongbo/Downloads/NaughtyMonkey/parkour/assets/script/bananaControl.ts from cce:/internal/x/prerequisite-imports as file:///Users/liuhongbo/Downloads/NaughtyMonkey/parkour/assets/script/bananaControl.ts.
debug: Resolve file:///Users/liuhongbo/Downloads/NaughtyMonkey/parkour/assets/script/bananaManager.ts from cce:/internal/x/prerequisite-imports as file:///Users/liuhongbo/Downloads/NaughtyMonkey/parkour/assets/script/bananaManager.ts.
debug: Resolve file:///Users/liuhongbo/Downloads/NaughtyMonkey/parkour/assets/script/loadingControl.ts from cce:/internal/x/prerequisite-imports as file:///Users/liuhongbo/Downloads/NaughtyMonkey/parkour/assets/script/loadingControl.ts.
debug: Resolve file:///Users/liuhongbo/Downloads/NaughtyMonkey/parkour/assets/script/shieldControl.ts from cce:/internal/x/prerequisite-imports as file:///Users/liuhongbo/Downloads/NaughtyMonkey/parkour/assets/script/shieldControl.ts.
debug: Resolve file:///Users/liuhongbo/Downloads/NaughtyMonkey/parkour/assets/script/shieldManager.ts from cce:/internal/x/prerequisite-imports as file:///Users/liuhongbo/Downloads/NaughtyMonkey/parkour/assets/script/shieldManager.ts.
debug: Inspect file:///Users/liuhongbo/Downloads/NaughtyMonkey/parkour/assets/BeeController.ts
debug: Inspect file:///Users/liuhongbo/Downloads/NaughtyMonkey/parkour/assets/BirdController.ts
debug: Inspect file:///Users/liuhongbo/Downloads/NaughtyMonkey/parkour/assets/CanvasController.ts
debug: Inspect file:///Users/liuhongbo/Downloads/NaughtyMonkey/parkour/assets/HedgehogController.ts
debug: Inspect file:///Users/liuhongbo/Downloads/NaughtyMonkey/parkour/assets/HugeBirdController.ts
debug: Inspect file:///Users/liuhongbo/Downloads/NaughtyMonkey/parkour/assets/RestartButtonController.ts
debug: Inspect file:///Users/liuhongbo/Downloads/NaughtyMonkey/parkour/assets/SceneController.ts
debug: Inspect file:///Users/liuhongbo/Downloads/NaughtyMonkey/parkour/assets/StartButtonController.ts
debug: Inspect file:///Users/liuhongbo/Downloads/NaughtyMonkey/parkour/assets/StoneController.ts
debug: Inspect file:///Users/liuhongbo/Downloads/NaughtyMonkey/parkour/assets/TreeController.ts
debug: Inspect file:///Users/liuhongbo/Downloads/NaughtyMonkey/parkour/assets/monkey_controller.ts
debug: Inspect file:///Users/liuhongbo/Downloads/NaughtyMonkey/parkour/assets/script/bananaControl.ts
debug: Inspect file:///Users/liuhongbo/Downloads/NaughtyMonkey/parkour/assets/script/bananaManager.ts
debug: Inspect file:///Users/liuhongbo/Downloads/NaughtyMonkey/parkour/assets/script/loadingControl.ts
debug: Inspect file:///Users/liuhongbo/Downloads/NaughtyMonkey/parkour/assets/script/shieldControl.ts
debug: Inspect file:///Users/liuhongbo/Downloads/NaughtyMonkey/parkour/assets/script/shieldManager.ts
debug: Resolve cce:/internal/code-quality/cr.mjs from file:///Users/liuhongbo/Downloads/NaughtyMonkey/parkour/assets/CanvasController.ts as cce:/internal/code-quality/cr.mjs.
debug: Resolve cc from file:///Users/liuhongbo/Downloads/NaughtyMonkey/parkour/assets/CanvasController.ts as cce:/internal/x/cc.
debug: Resolve cc from file:///Users/liuhongbo/Downloads/NaughtyMonkey/parkour/assets/CanvasController.ts as cce:/internal/x/cc.
debug: Detected change: cce:/internal/code-quality/cr.mjs. Last mtime: Thu Apr 07 2022 21:01:39 GMT+0800 (中国标准时间), Current mtime: Wed Apr 13 2022 16:59:38 GMT+0800 (中国标准时间)
debug: Inspect cce:/internal/code-quality/cr.mjs
debug: Resolve cce:/internal/code-quality/cr.mjs from file:///Users/liuhongbo/Downloads/NaughtyMonkey/parkour/assets/HedgehogController.ts as cce:/internal/code-quality/cr.mjs.
debug: Resolve cc from file:///Users/liuhongbo/Downloads/NaughtyMonkey/parkour/assets/HedgehogController.ts as cce:/internal/x/cc.
debug: Resolve cc from file:///Users/liuhongbo/Downloads/NaughtyMonkey/parkour/assets/HedgehogController.ts as cce:/internal/x/cc.
debug: Resolve cce:/internal/code-quality/cr.mjs from file:///Users/liuhongbo/Downloads/NaughtyMonkey/parkour/assets/BeeController.ts as cce:/internal/code-quality/cr.mjs.
debug: Resolve cc from file:///Users/liuhongbo/Downloads/NaughtyMonkey/parkour/assets/BeeController.ts as cce:/internal/x/cc.
debug: Resolve cc from file:///Users/liuhongbo/Downloads/NaughtyMonkey/parkour/assets/BeeController.ts as cce:/internal/x/cc.
debug: Resolve cc from file:///Users/liuhongbo/Downloads/NaughtyMonkey/parkour/assets/RestartButtonController.ts as cce:/internal/x/cc.
debug: Resolve cc from file:///Users/liuhongbo/Downloads/NaughtyMonkey/parkour/assets/RestartButtonController.ts as cce:/internal/x/cc.
debug: Resolve cc from file:///Users/liuhongbo/Downloads/NaughtyMonkey/parkour/assets/StartButtonController.ts as cce:/internal/x/cc.
debug: Resolve cc from file:///Users/liuhongbo/Downloads/NaughtyMonkey/parkour/assets/StartButtonController.ts as cce:/internal/x/cc.
debug: Resolve cc from file:///Users/liuhongbo/Downloads/NaughtyMonkey/parkour/assets/TreeController.ts as cce:/internal/x/cc.
debug: Resolve cc from file:///Users/liuhongbo/Downloads/NaughtyMonkey/parkour/assets/TreeController.ts as cce:/internal/x/cc.
debug: Resolve cce:/internal/code-quality/cr.mjs from file:///Users/liuhongbo/Downloads/NaughtyMonkey/parkour/assets/StoneController.ts as cce:/internal/code-quality/cr.mjs.
debug: Resolve cc from file:///Users/liuhongbo/Downloads/NaughtyMonkey/parkour/assets/StoneController.ts as cce:/internal/x/cc.
debug: Resolve cc from file:///Users/liuhongbo/Downloads/NaughtyMonkey/parkour/assets/StoneController.ts as cce:/internal/x/cc.
debug: Resolve cc from file:///Users/liuhongbo/Downloads/NaughtyMonkey/parkour/assets/SceneController.ts as cce:/internal/x/cc.
debug: Resolve cc from file:///Users/liuhongbo/Downloads/NaughtyMonkey/parkour/assets/SceneController.ts as cce:/internal/x/cc.
debug: Resolve cc from file:///Users/liuhongbo/Downloads/NaughtyMonkey/parkour/assets/script/bananaControl.ts as cce:/internal/x/cc.
debug: Resolve cc from file:///Users/liuhongbo/Downloads/NaughtyMonkey/parkour/assets/script/bananaControl.ts as cce:/internal/x/cc.
debug: Resolve cce:/internal/code-quality/cr.mjs from file:///Users/liuhongbo/Downloads/NaughtyMonkey/parkour/assets/script/bananaManager.ts as cce:/internal/code-quality/cr.mjs.
debug: Resolve cc from file:///Users/liuhongbo/Downloads/NaughtyMonkey/parkour/assets/script/bananaManager.ts as cce:/internal/x/cc.
debug: Resolve cc from file:///Users/liuhongbo/Downloads/NaughtyMonkey/parkour/assets/script/bananaManager.ts as cce:/internal/x/cc.
debug: Resolve cc from file:///Users/liuhongbo/Downloads/NaughtyMonkey/parkour/assets/script/shieldControl.ts as cce:/internal/x/cc.
debug: Resolve cc from file:///Users/liuhongbo/Downloads/NaughtyMonkey/parkour/assets/script/shieldControl.ts as cce:/internal/x/cc.
debug: Resolve cc from file:///Users/liuhongbo/Downloads/NaughtyMonkey/parkour/assets/script/loadingControl.ts as cce:/internal/x/cc.
debug: Resolve cc from file:///Users/liuhongbo/Downloads/NaughtyMonkey/parkour/assets/script/loadingControl.ts as cce:/internal/x/cc.
debug: Resolve cce:/internal/code-quality/cr.mjs from file:///Users/liuhongbo/Downloads/NaughtyMonkey/parkour/assets/BirdController.ts as cce:/internal/code-quality/cr.mjs.
debug: Resolve cc from file:///Users/liuhongbo/Downloads/NaughtyMonkey/parkour/assets/BirdController.ts as cce:/internal/x/cc.
debug: Resolve cc from file:///Users/liuhongbo/Downloads/NaughtyMonkey/parkour/assets/BirdController.ts as cce:/internal/x/cc.
debug: Resolve cc from file:///Users/liuhongbo/Downloads/NaughtyMonkey/parkour/assets/script/shieldManager.ts as cce:/internal/x/cc.
debug: Resolve cc from file:///Users/liuhongbo/Downloads/NaughtyMonkey/parkour/assets/script/shieldManager.ts as cce:/internal/x/cc.
debug: Resolve cce:/internal/code-quality/cr.mjs from file:///Users/liuhongbo/Downloads/NaughtyMonkey/parkour/assets/monkey_controller.ts as cce:/internal/code-quality/cr.mjs.
debug: Resolve cc from file:///Users/liuhongbo/Downloads/NaughtyMonkey/parkour/assets/monkey_controller.ts as cce:/internal/x/cc.
debug: Resolve cc from file:///Users/liuhongbo/Downloads/NaughtyMonkey/parkour/assets/monkey_controller.ts as cce:/internal/x/cc.
debug: Resolve cce:/internal/code-quality/cr.mjs from file:///Users/liuhongbo/Downloads/NaughtyMonkey/parkour/assets/HugeBirdController.ts as cce:/internal/code-quality/cr.mjs.
debug: Resolve cc from file:///Users/liuhongbo/Downloads/NaughtyMonkey/parkour/assets/HugeBirdController.ts as cce:/internal/x/cc.
debug: Resolve cc from file:///Users/liuhongbo/Downloads/NaughtyMonkey/parkour/assets/HugeBirdController.ts as cce:/internal/x/cc.
debug: Resolve ./BeeController from file:///Users/liuhongbo/Downloads/NaughtyMonkey/parkour/assets/CanvasController.ts as file:///Users/liuhongbo/Downloads/NaughtyMonkey/parkour/assets/BeeController.ts.
debug: Resolve ./HedgehogController from file:///Users/liuhongbo/Downloads/NaughtyMonkey/parkour/assets/CanvasController.ts as file:///Users/liuhongbo/Downloads/NaughtyMonkey/parkour/assets/HedgehogController.ts.
debug: Resolve ./monkey_controller from file:///Users/liuhongbo/Downloads/NaughtyMonkey/parkour/assets/CanvasController.ts as file:///Users/liuhongbo/Downloads/NaughtyMonkey/parkour/assets/monkey_controller.ts.
debug: Resolve ./TreeController from file:///Users/liuhongbo/Downloads/NaughtyMonkey/parkour/assets/CanvasController.ts as file:///Users/liuhongbo/Downloads/NaughtyMonkey/parkour/assets/TreeController.ts.
debug: Resolve ./BirdController from file:///Users/liuhongbo/Downloads/NaughtyMonkey/parkour/assets/CanvasController.ts as file:///Users/liuhongbo/Downloads/NaughtyMonkey/parkour/assets/BirdController.ts.
debug: Resolve ./HugeBirdController from file:///Users/liuhongbo/Downloads/NaughtyMonkey/parkour/assets/CanvasController.ts as file:///Users/liuhongbo/Downloads/NaughtyMonkey/parkour/assets/HugeBirdController.ts.
debug: Resolve ./StoneController from file:///Users/liuhongbo/Downloads/NaughtyMonkey/parkour/assets/CanvasController.ts as file:///Users/liuhongbo/Downloads/NaughtyMonkey/parkour/assets/StoneController.ts.
debug: Resolve ./monkey_controller from file:///Users/liuhongbo/Downloads/NaughtyMonkey/parkour/assets/HedgehogController.ts as file:///Users/liuhongbo/Downloads/NaughtyMonkey/parkour/assets/monkey_controller.ts.
debug: Resolve ./monkey_controller from file:///Users/liuhongbo/Downloads/NaughtyMonkey/parkour/assets/BeeController.ts as file:///Users/liuhongbo/Downloads/NaughtyMonkey/parkour/assets/monkey_controller.ts.
debug: Resolve ./monkey_controller from file:///Users/liuhongbo/Downloads/NaughtyMonkey/parkour/assets/StoneController.ts as file:///Users/liuhongbo/Downloads/NaughtyMonkey/parkour/assets/monkey_controller.ts.
debug: Resolve ./TreeController from file:///Users/liuhongbo/Downloads/NaughtyMonkey/parkour/assets/StoneController.ts as file:///Users/liuhongbo/Downloads/NaughtyMonkey/parkour/assets/TreeController.ts.
debug: Resolve ./bananaControl from file:///Users/liuhongbo/Downloads/NaughtyMonkey/parkour/assets/script/bananaManager.ts as file:///Users/liuhongbo/Downloads/NaughtyMonkey/parkour/assets/script/bananaControl.ts.
debug: Resolve ./monkey_controller from file:///Users/liuhongbo/Downloads/NaughtyMonkey/parkour/assets/BirdController.ts as file:///Users/liuhongbo/Downloads/NaughtyMonkey/parkour/assets/monkey_controller.ts.
debug: Resolve ./script/bananaControl from file:///Users/liuhongbo/Downloads/NaughtyMonkey/parkour/assets/monkey_controller.ts as file:///Users/liuhongbo/Downloads/NaughtyMonkey/parkour/assets/script/bananaControl.ts.
debug: Resolve ./HedgehogController from file:///Users/liuhongbo/Downloads/NaughtyMonkey/parkour/assets/monkey_controller.ts as file:///Users/liuhongbo/Downloads/NaughtyMonkey/parkour/assets/HedgehogController.ts.
debug: Resolve ./script/shieldControl from file:///Users/liuhongbo/Downloads/NaughtyMonkey/parkour/assets/monkey_controller.ts as file:///Users/liuhongbo/Downloads/NaughtyMonkey/parkour/assets/script/shieldControl.ts.
debug: Resolve ./script/bananaManager from file:///Users/liuhongbo/Downloads/NaughtyMonkey/parkour/assets/monkey_controller.ts as file:///Users/liuhongbo/Downloads/NaughtyMonkey/parkour/assets/script/bananaManager.ts.
debug: Resolve ./monkey_controller from file:///Users/liuhongbo/Downloads/NaughtyMonkey/parkour/assets/HugeBirdController.ts as file:///Users/liuhongbo/Downloads/NaughtyMonkey/parkour/assets/monkey_controller.ts.
debug: Resolve ./BeeController from file:///Users/liuhongbo/Downloads/NaughtyMonkey/parkour/assets/monkey_controller.ts as file:///Users/liuhongbo/Downloads/NaughtyMonkey/parkour/assets/BeeController.ts.
debug: Target(preview) ends with cost 922.6595839858055ms.
debug: Dispatch build request for time accumulated 1 asset changes.
debug: Build iteration starts.
Number of accumulated asset changes: 1
Feature changed: false
debug: Target(editor) build started.
debug: Detected change: cce:/internal/x/prerequisite-imports. Last mtime: Thu Jan 01 1970 08:00:26 GMT+0800 (中国标准时间), Current mtime: Thu Jan 01 1970 08:11:36 GMT+0800 (中国标准时间)
debug: Inspect cce:/internal/x/prerequisite-imports
debug: Resolve file:///Users/liuhongbo/Downloads/NaughtyMonkey/parkour/assets/BeeController.ts from cce:/internal/x/prerequisite-imports as file:///Users/liuhongbo/Downloads/NaughtyMonkey/parkour/assets/BeeController.ts.
debug: Resolve file:///Users/liuhongbo/Downloads/NaughtyMonkey/parkour/assets/BirdController.ts from cce:/internal/x/prerequisite-imports as file:///Users/liuhongbo/Downloads/NaughtyMonkey/parkour/assets/BirdController.ts.
debug: Resolve file:///Users/liuhongbo/Downloads/NaughtyMonkey/parkour/assets/CanvasController.ts from cce:/internal/x/prerequisite-imports as file:///Users/liuhongbo/Downloads/NaughtyMonkey/parkour/assets/CanvasController.ts.
debug: Resolve file:///Users/liuhongbo/Downloads/NaughtyMonkey/parkour/assets/HedgehogController.ts from cce:/internal/x/prerequisite-imports as file:///Users/liuhongbo/Downloads/NaughtyMonkey/parkour/assets/HedgehogController.ts.
debug: Resolve file:///Users/liuhongbo/Downloads/NaughtyMonkey/parkour/assets/HugeBirdController.ts from cce:/internal/x/prerequisite-imports as file:///Users/liuhongbo/Downloads/NaughtyMonkey/parkour/assets/HugeBirdController.ts.
debug: Resolve file:///Users/liuhongbo/Downloads/NaughtyMonkey/parkour/assets/RestartButtonController.ts from cce:/internal/x/prerequisite-imports as file:///Users/liuhongbo/Downloads/NaughtyMonkey/parkour/assets/RestartButtonController.ts.
debug: Resolve file:///Users/liuhongbo/Downloads/NaughtyMonkey/parkour/assets/SceneController.ts from cce:/internal/x/prerequisite-imports as file:///Users/liuhongbo/Downloads/NaughtyMonkey/parkour/assets/SceneController.ts.
debug: Resolve file:///Users/liuhongbo/Downloads/NaughtyMonkey/parkour/assets/StartButtonController.ts from cce:/internal/x/prerequisite-imports as file:///Users/liuhongbo/Downloads/NaughtyMonkey/parkour/assets/StartButtonController.ts.
debug: Resolve file:///Users/liuhongbo/Downloads/NaughtyMonkey/parkour/assets/StoneController.ts from cce:/internal/x/prerequisite-imports as file:///Users/liuhongbo/Downloads/NaughtyMonkey/parkour/assets/StoneController.ts.
debug: Resolve file:///Users/liuhongbo/Downloads/NaughtyMonkey/parkour/assets/TreeController.ts from cce:/internal/x/prerequisite-imports as file:///Users/liuhongbo/Downloads/NaughtyMonkey/parkour/assets/TreeController.ts.
debug: Resolve file:///Users/liuhongbo/Downloads/NaughtyMonkey/parkour/assets/monkey_controller.ts from cce:/internal/x/prerequisite-imports as file:///Users/liuhongbo/Downloads/NaughtyMonkey/parkour/assets/monkey_controller.ts.
debug: Resolve file:///Users/liuhongbo/Downloads/NaughtyMonkey/parkour/assets/script/bananaControl.ts from cce:/internal/x/prerequisite-imports as file:///Users/liuhongbo/Downloads/NaughtyMonkey/parkour/assets/script/bananaControl.ts.
debug: Resolve file:///Users/liuhongbo/Downloads/NaughtyMonkey/parkour/assets/script/bananaManager.ts from cce:/internal/x/prerequisite-imports as file:///Users/liuhongbo/Downloads/NaughtyMonkey/parkour/assets/script/bananaManager.ts.
debug: Resolve file:///Users/liuhongbo/Downloads/NaughtyMonkey/parkour/assets/script/loadingControl.ts from cce:/internal/x/prerequisite-imports as file:///Users/liuhongbo/Downloads/NaughtyMonkey/parkour/assets/script/loadingControl.ts.
debug: Resolve file:///Users/liuhongbo/Downloads/NaughtyMonkey/parkour/assets/script/shieldControl.ts from cce:/internal/x/prerequisite-imports as file:///Users/liuhongbo/Downloads/NaughtyMonkey/parkour/assets/script/shieldControl.ts.
debug: Resolve file:///Users/liuhongbo/Downloads/NaughtyMonkey/parkour/assets/script/shieldManager.ts from cce:/internal/x/prerequisite-imports as file:///Users/liuhongbo/Downloads/NaughtyMonkey/parkour/assets/script/shieldManager.ts.
debug: Detected change: file:///Users/liuhongbo/Downloads/NaughtyMonkey/parkour/assets/monkey_controller.ts. Last mtime: Thu Mar 31 2022 20:10:50 GMT+0800 (中国标准时间)@1f9f6b59-7d89-4590-b13c-b5d27fd69ae0, Current mtime: Wed Apr 13 2022 17:11:05 GMT+0800 (中国标准时间)@1f9f6b59-7d89-4590-b13c-b5d27fd69ae0
debug: Inspect file:///Users/liuhongbo/Downloads/NaughtyMonkey/parkour/assets/monkey_controller.ts
debug: Resolve cce:/internal/code-quality/cr.mjs from file:///Users/liuhongbo/Downloads/NaughtyMonkey/parkour/assets/monkey_controller.ts as cce:/internal/code-quality/cr.mjs.
debug: Resolve cc from file:///Users/liuhongbo/Downloads/NaughtyMonkey/parkour/assets/monkey_controller.ts as cce:/internal/x/cc.
debug: Resolve cc from file:///Users/liuhongbo/Downloads/NaughtyMonkey/parkour/assets/monkey_controller.ts as cce:/internal/x/cc.
debug: Resolve ./HedgehogController from file:///Users/liuhongbo/Downloads/NaughtyMonkey/parkour/assets/monkey_controller.ts as file:///Users/liuhongbo/Downloads/NaughtyMonkey/parkour/assets/HedgehogController.ts.
debug: Resolve ./script/bananaControl from file:///Users/liuhongbo/Downloads/NaughtyMonkey/parkour/assets/monkey_controller.ts as file:///Users/liuhongbo/Downloads/NaughtyMonkey/parkour/assets/script/bananaControl.ts.
debug: Resolve ./script/shieldControl from file:///Users/liuhongbo/Downloads/NaughtyMonkey/parkour/assets/monkey_controller.ts as file:///Users/liuhongbo/Downloads/NaughtyMonkey/parkour/assets/script/shieldControl.ts.
debug: Resolve ./script/bananaManager from file:///Users/liuhongbo/Downloads/NaughtyMonkey/parkour/assets/monkey_controller.ts as file:///Users/liuhongbo/Downloads/NaughtyMonkey/parkour/assets/script/bananaManager.ts.
debug: Resolve ./BeeController from file:///Users/liuhongbo/Downloads/NaughtyMonkey/parkour/assets/monkey_controller.ts as file:///Users/liuhongbo/Downloads/NaughtyMonkey/parkour/assets/BeeController.ts.
debug: Target(editor) ends with cost 233.8758749961853ms.
debug: Target(preview) build started.
debug: Detected change: cce:/internal/x/prerequisite-imports. Last mtime: Thu Jan 01 1970 08:00:28 GMT+0800 (中国标准时间), Current mtime: Thu Jan 01 1970 08:11:36 GMT+0800 (中国标准时间)
debug: Inspect cce:/internal/x/prerequisite-imports
debug: Resolve file:///Users/liuhongbo/Downloads/NaughtyMonkey/parkour/assets/BeeController.ts from cce:/internal/x/prerequisite-imports as file:///Users/liuhongbo/Downloads/NaughtyMonkey/parkour/assets/BeeController.ts.
debug: Resolve file:///Users/liuhongbo/Downloads/NaughtyMonkey/parkour/assets/BirdController.ts from cce:/internal/x/prerequisite-imports as file:///Users/liuhongbo/Downloads/NaughtyMonkey/parkour/assets/BirdController.ts.
debug: Resolve file:///Users/liuhongbo/Downloads/NaughtyMonkey/parkour/assets/CanvasController.ts from cce:/internal/x/prerequisite-imports as file:///Users/liuhongbo/Downloads/NaughtyMonkey/parkour/assets/CanvasController.ts.
debug: Resolve file:///Users/liuhongbo/Downloads/NaughtyMonkey/parkour/assets/HedgehogController.ts from cce:/internal/x/prerequisite-imports as file:///Users/liuhongbo/Downloads/NaughtyMonkey/parkour/assets/HedgehogController.ts.
debug: Resolve file:///Users/liuhongbo/Downloads/NaughtyMonkey/parkour/assets/HugeBirdController.ts from cce:/internal/x/prerequisite-imports as file:///Users/liuhongbo/Downloads/NaughtyMonkey/parkour/assets/HugeBirdController.ts.
debug: Resolve file:///Users/liuhongbo/Downloads/NaughtyMonkey/parkour/assets/RestartButtonController.ts from cce:/internal/x/prerequisite-imports as file:///Users/liuhongbo/Downloads/NaughtyMonkey/parkour/assets/RestartButtonController.ts.
debug: Resolve file:///Users/liuhongbo/Downloads/NaughtyMonkey/parkour/assets/SceneController.ts from cce:/internal/x/prerequisite-imports as file:///Users/liuhongbo/Downloads/NaughtyMonkey/parkour/assets/SceneController.ts.
debug: Resolve file:///Users/liuhongbo/Downloads/NaughtyMonkey/parkour/assets/StartButtonController.ts from cce:/internal/x/prerequisite-imports as file:///Users/liuhongbo/Downloads/NaughtyMonkey/parkour/assets/StartButtonController.ts.
debug: Resolve file:///Users/liuhongbo/Downloads/NaughtyMonkey/parkour/assets/StoneController.ts from cce:/internal/x/prerequisite-imports as file:///Users/liuhongbo/Downloads/NaughtyMonkey/parkour/assets/StoneController.ts.
debug: Resolve file:///Users/liuhongbo/Downloads/NaughtyMonkey/parkour/assets/TreeController.ts from cce:/internal/x/prerequisite-imports as file:///Users/liuhongbo/Downloads/NaughtyMonkey/parkour/assets/TreeController.ts.
debug: Resolve file:///Users/liuhongbo/Downloads/NaughtyMonkey/parkour/assets/monkey_controller.ts from cce:/internal/x/prerequisite-imports as file:///Users/liuhongbo/Downloads/NaughtyMonkey/parkour/assets/monkey_controller.ts.
debug: Resolve file:///Users/liuhongbo/Downloads/NaughtyMonkey/parkour/assets/script/bananaControl.ts from cce:/internal/x/prerequisite-imports as file:///Users/liuhongbo/Downloads/NaughtyMonkey/parkour/assets/script/bananaControl.ts.
debug: Resolve file:///Users/liuhongbo/Downloads/NaughtyMonkey/parkour/assets/script/bananaManager.ts from cce:/internal/x/prerequisite-imports as file:///Users/liuhongbo/Downloads/NaughtyMonkey/parkour/assets/script/bananaManager.ts.
debug: Resolve file:///Users/liuhongbo/Downloads/NaughtyMonkey/parkour/assets/script/shieldControl.ts from cce:/internal/x/prerequisite-imports as file:///Users/liuhongbo/Downloads/NaughtyMonkey/parkour/assets/script/shieldControl.ts.
debug: Resolve file:///Users/liuhongbo/Downloads/NaughtyMonkey/parkour/assets/script/shieldManager.ts from cce:/internal/x/prerequisite-imports as file:///Users/liuhongbo/Downloads/NaughtyMonkey/parkour/assets/script/shieldManager.ts.
debug: Resolve file:///Users/liuhongbo/Downloads/NaughtyMonkey/parkour/assets/script/loadingControl.ts from cce:/internal/x/prerequisite-imports as file:///Users/liuhongbo/Downloads/NaughtyMonkey/parkour/assets/script/loadingControl.ts.
debug: Detected change: file:///Users/liuhongbo/Downloads/NaughtyMonkey/parkour/assets/monkey_controller.ts. Last mtime: Thu Mar 31 2022 20:10:50 GMT+0800 (中国标准时间)@1f9f6b59-7d89-4590-b13c-b5d27fd69ae0, Current mtime: Wed Apr 13 2022 17:11:05 GMT+0800 (中国标准时间)@1f9f6b59-7d89-4590-b13c-b5d27fd69ae0
debug: Inspect file:///Users/liuhongbo/Downloads/NaughtyMonkey/parkour/assets/monkey_controller.ts
debug: Resolve cce:/internal/code-quality/cr.mjs from file:///Users/liuhongbo/Downloads/NaughtyMonkey/parkour/assets/monkey_controller.ts as cce:/internal/code-quality/cr.mjs.
debug: Resolve cc from file:///Users/liuhongbo/Downloads/NaughtyMonkey/parkour/assets/monkey_controller.ts as cce:/internal/x/cc.
debug: Resolve cc from file:///Users/liuhongbo/Downloads/NaughtyMonkey/parkour/assets/monkey_controller.ts as cce:/internal/x/cc.
debug: Resolve ./HedgehogController from file:///Users/liuhongbo/Downloads/NaughtyMonkey/parkour/assets/monkey_controller.ts as file:///Users/liuhongbo/Downloads/NaughtyMonkey/parkour/assets/HedgehogController.ts.
debug: Resolve ./script/bananaControl from file:///Users/liuhongbo/Downloads/NaughtyMonkey/parkour/assets/monkey_controller.ts as file:///Users/liuhongbo/Downloads/NaughtyMonkey/parkour/assets/script/bananaControl.ts.
debug: Resolve ./script/shieldControl from file:///Users/liuhongbo/Downloads/NaughtyMonkey/parkour/assets/monkey_controller.ts as file:///Users/liuhongbo/Downloads/NaughtyMonkey/parkour/assets/script/shieldControl.ts.
debug: Resolve ./script/bananaManager from file:///Users/liuhongbo/Downloads/NaughtyMonkey/parkour/assets/monkey_controller.ts as file:///Users/liuhongbo/Downloads/NaughtyMonkey/parkour/assets/script/bananaManager.ts.
debug: Resolve ./BeeController from file:///Users/liuhongbo/Downloads/NaughtyMonkey/parkour/assets/monkey_controller.ts as file:///Users/liuhongbo/Downloads/NaughtyMonkey/parkour/assets/BeeController.ts.
debug: Target(preview) ends with cost 168.9804579615593ms.
debug: Dispatch build request for time accumulated 1 asset changes.
debug: Build iteration starts.
Number of accumulated asset changes: 1
Feature changed: false
debug: Target(editor) build started.
debug: Detected change: cce:/internal/x/prerequisite-imports. Last mtime: Thu Jan 01 1970 08:11:36 GMT+0800 (中国标准时间), Current mtime: Thu Jan 01 1970 08:33:48 GMT+0800 (中国标准时间)
debug: Inspect cce:/internal/x/prerequisite-imports
debug: Resolve file:///Users/liuhongbo/Downloads/NaughtyMonkey/parkour/assets/BirdController.ts from cce:/internal/x/prerequisite-imports as file:///Users/liuhongbo/Downloads/NaughtyMonkey/parkour/assets/BirdController.ts.
debug: Resolve file:///Users/liuhongbo/Downloads/NaughtyMonkey/parkour/assets/CanvasController.ts from cce:/internal/x/prerequisite-imports as file:///Users/liuhongbo/Downloads/NaughtyMonkey/parkour/assets/CanvasController.ts.
debug: Resolve file:///Users/liuhongbo/Downloads/NaughtyMonkey/parkour/assets/BeeController.ts from cce:/internal/x/prerequisite-imports as file:///Users/liuhongbo/Downloads/NaughtyMonkey/parkour/assets/BeeController.ts.
debug: Resolve file:///Users/liuhongbo/Downloads/NaughtyMonkey/parkour/assets/HedgehogController.ts from cce:/internal/x/prerequisite-imports as file:///Users/liuhongbo/Downloads/NaughtyMonkey/parkour/assets/HedgehogController.ts.
debug: Resolve file:///Users/liuhongbo/Downloads/NaughtyMonkey/parkour/assets/HugeBirdController.ts from cce:/internal/x/prerequisite-imports as file:///Users/liuhongbo/Downloads/NaughtyMonkey/parkour/assets/HugeBirdController.ts.
debug: Resolve file:///Users/liuhongbo/Downloads/NaughtyMonkey/parkour/assets/RestartButtonController.ts from cce:/internal/x/prerequisite-imports as file:///Users/liuhongbo/Downloads/NaughtyMonkey/parkour/assets/RestartButtonController.ts.
debug: Resolve file:///Users/liuhongbo/Downloads/NaughtyMonkey/parkour/assets/SceneController.ts from cce:/internal/x/prerequisite-imports as file:///Users/liuhongbo/Downloads/NaughtyMonkey/parkour/assets/SceneController.ts.
debug: Resolve file:///Users/liuhongbo/Downloads/NaughtyMonkey/parkour/assets/StartButtonController.ts from cce:/internal/x/prerequisite-imports as file:///Users/liuhongbo/Downloads/NaughtyMonkey/parkour/assets/StartButtonController.ts.
debug: Resolve file:///Users/liuhongbo/Downloads/NaughtyMonkey/parkour/assets/StoneController.ts from cce:/internal/x/prerequisite-imports as file:///Users/liuhongbo/Downloads/NaughtyMonkey/parkour/assets/StoneController.ts.
debug: Resolve file:///Users/liuhongbo/Downloads/NaughtyMonkey/parkour/assets/TreeController.ts from cce:/internal/x/prerequisite-imports as file:///Users/liuhongbo/Downloads/NaughtyMonkey/parkour/assets/TreeController.ts.
debug: Resolve file:///Users/liuhongbo/Downloads/NaughtyMonkey/parkour/assets/monkey_controller.ts from cce:/internal/x/prerequisite-imports as file:///Users/liuhongbo/Downloads/NaughtyMonkey/parkour/assets/monkey_controller.ts.
debug: Resolve file:///Users/liuhongbo/Downloads/NaughtyMonkey/parkour/assets/script/bananaControl.ts from cce:/internal/x/prerequisite-imports as file:///Users/liuhongbo/Downloads/NaughtyMonkey/parkour/assets/script/bananaControl.ts.
debug: Resolve file:///Users/liuhongbo/Downloads/NaughtyMonkey/parkour/assets/script/bananaManager.ts from cce:/internal/x/prerequisite-imports as file:///Users/liuhongbo/Downloads/NaughtyMonkey/parkour/assets/script/bananaManager.ts.
debug: Resolve file:///Users/liuhongbo/Downloads/NaughtyMonkey/parkour/assets/script/loadingControl.ts from cce:/internal/x/prerequisite-imports as file:///Users/liuhongbo/Downloads/NaughtyMonkey/parkour/assets/script/loadingControl.ts.
debug: Resolve file:///Users/liuhongbo/Downloads/NaughtyMonkey/parkour/assets/script/shieldControl.ts from cce:/internal/x/prerequisite-imports as file:///Users/liuhongbo/Downloads/NaughtyMonkey/parkour/assets/script/shieldControl.ts.
debug: Resolve file:///Users/liuhongbo/Downloads/NaughtyMonkey/parkour/assets/script/shieldManager.ts from cce:/internal/x/prerequisite-imports as file:///Users/liuhongbo/Downloads/NaughtyMonkey/parkour/assets/script/shieldManager.ts.
debug: Detected change: file:///Users/liuhongbo/Downloads/NaughtyMonkey/parkour/assets/monkey_controller.ts. Last mtime: Wed Apr 13 2022 17:11:05 GMT+0800 (中国标准时间)@1f9f6b59-7d89-4590-b13c-b5d27fd69ae0, Current mtime: Wed Apr 13 2022 17:33:21 GMT+0800 (中国标准时间)@1f9f6b59-7d89-4590-b13c-b5d27fd69ae0
debug: Inspect file:///Users/liuhongbo/Downloads/NaughtyMonkey/parkour/assets/monkey_controller.ts
debug: Resolve cce:/internal/code-quality/cr.mjs from file:///Users/liuhongbo/Downloads/NaughtyMonkey/parkour/assets/monkey_controller.ts as cce:/internal/code-quality/cr.mjs.
debug: Resolve cc from file:///Users/liuhongbo/Downloads/NaughtyMonkey/parkour/assets/monkey_controller.ts as cce:/internal/x/cc.
debug: Resolve cc from file:///Users/liuhongbo/Downloads/NaughtyMonkey/parkour/assets/monkey_controller.ts as cce:/internal/x/cc.
debug: Resolve ./HedgehogController from file:///Users/liuhongbo/Downloads/NaughtyMonkey/parkour/assets/monkey_controller.ts as file:///Users/liuhongbo/Downloads/NaughtyMonkey/parkour/assets/HedgehogController.ts.
debug: Resolve ./script/bananaControl from file:///Users/liuhongbo/Downloads/NaughtyMonkey/parkour/assets/monkey_controller.ts as file:///Users/liuhongbo/Downloads/NaughtyMonkey/parkour/assets/script/bananaControl.ts.
debug: Resolve ./script/shieldControl from file:///Users/liuhongbo/Downloads/NaughtyMonkey/parkour/assets/monkey_controller.ts as file:///Users/liuhongbo/Downloads/NaughtyMonkey/parkour/assets/script/shieldControl.ts.
debug: Resolve ./script/bananaManager from file:///Users/liuhongbo/Downloads/NaughtyMonkey/parkour/assets/monkey_controller.ts as file:///Users/liuhongbo/Downloads/NaughtyMonkey/parkour/assets/script/bananaManager.ts.
debug: Resolve ./BeeController from file:///Users/liuhongbo/Downloads/NaughtyMonkey/parkour/assets/monkey_controller.ts as file:///Users/liuhongbo/Downloads/NaughtyMonkey/parkour/assets/BeeController.ts.
debug: Target(editor) ends with cost 228.8176670074463ms.
debug: Target(preview) build started.
debug: Detected change: cce:/internal/x/prerequisite-imports. Last mtime: Thu Jan 01 1970 08:11:36 GMT+0800 (中国标准时间), Current mtime: Thu Jan 01 1970 08:33:48 GMT+0800 (中国标准时间)
debug: Inspect cce:/internal/x/prerequisite-imports
debug: Resolve file:///Users/liuhongbo/Downloads/NaughtyMonkey/parkour/assets/BeeController.ts from cce:/internal/x/prerequisite-imports as file:///Users/liuhongbo/Downloads/NaughtyMonkey/parkour/assets/BeeController.ts.
debug: Resolve file:///Users/liuhongbo/Downloads/NaughtyMonkey/parkour/assets/BirdController.ts from cce:/internal/x/prerequisite-imports as file:///Users/liuhongbo/Downloads/NaughtyMonkey/parkour/assets/BirdController.ts.
debug: Resolve file:///Users/liuhongbo/Downloads/NaughtyMonkey/parkour/assets/CanvasController.ts from cce:/internal/x/prerequisite-imports as file:///Users/liuhongbo/Downloads/NaughtyMonkey/parkour/assets/CanvasController.ts.
debug: Resolve file:///Users/liuhongbo/Downloads/NaughtyMonkey/parkour/assets/HedgehogController.ts from cce:/internal/x/prerequisite-imports as file:///Users/liuhongbo/Downloads/NaughtyMonkey/parkour/assets/HedgehogController.ts.
debug: Resolve file:///Users/liuhongbo/Downloads/NaughtyMonkey/parkour/assets/HugeBirdController.ts from cce:/internal/x/prerequisite-imports as file:///Users/liuhongbo/Downloads/NaughtyMonkey/parkour/assets/HugeBirdController.ts.
debug: Resolve file:///Users/liuhongbo/Downloads/NaughtyMonkey/parkour/assets/RestartButtonController.ts from cce:/internal/x/prerequisite-imports as file:///Users/liuhongbo/Downloads/NaughtyMonkey/parkour/assets/RestartButtonController.ts.
debug: Resolve file:///Users/liuhongbo/Downloads/NaughtyMonkey/parkour/assets/SceneController.ts from cce:/internal/x/prerequisite-imports as file:///Users/liuhongbo/Downloads/NaughtyMonkey/parkour/assets/SceneController.ts.
debug: Resolve file:///Users/liuhongbo/Downloads/NaughtyMonkey/parkour/assets/StartButtonController.ts from cce:/internal/x/prerequisite-imports as file:///Users/liuhongbo/Downloads/NaughtyMonkey/parkour/assets/StartButtonController.ts.
debug: Resolve file:///Users/liuhongbo/Downloads/NaughtyMonkey/parkour/assets/StoneController.ts from cce:/internal/x/prerequisite-imports as file:///Users/liuhongbo/Downloads/NaughtyMonkey/parkour/assets/StoneController.ts.
debug: Resolve file:///Users/liuhongbo/Downloads/NaughtyMonkey/parkour/assets/TreeController.ts from cce:/internal/x/prerequisite-imports as file:///Users/liuhongbo/Downloads/NaughtyMonkey/parkour/assets/TreeController.ts.
debug: Resolve file:///Users/liuhongbo/Downloads/NaughtyMonkey/parkour/assets/monkey_controller.ts from cce:/internal/x/prerequisite-imports as file:///Users/liuhongbo/Downloads/NaughtyMonkey/parkour/assets/monkey_controller.ts.
debug: Resolve file:///Users/liuhongbo/Downloads/NaughtyMonkey/parkour/assets/script/bananaControl.ts from cce:/internal/x/prerequisite-imports as file:///Users/liuhongbo/Downloads/NaughtyMonkey/parkour/assets/script/bananaControl.ts.
debug: Resolve file:///Users/liuhongbo/Downloads/NaughtyMonkey/parkour/assets/script/bananaManager.ts from cce:/internal/x/prerequisite-imports as file:///Users/liuhongbo/Downloads/NaughtyMonkey/parkour/assets/script/bananaManager.ts.
debug: Resolve file:///Users/liuhongbo/Downloads/NaughtyMonkey/parkour/assets/script/loadingControl.ts from cce:/internal/x/prerequisite-imports as file:///Users/liuhongbo/Downloads/NaughtyMonkey/parkour/assets/script/loadingControl.ts.
debug: Resolve file:///Users/liuhongbo/Downloads/NaughtyMonkey/parkour/assets/script/shieldControl.ts from cce:/internal/x/prerequisite-imports as file:///Users/liuhongbo/Downloads/NaughtyMonkey/parkour/assets/script/shieldControl.ts.
debug: Resolve file:///Users/liuhongbo/Downloads/NaughtyMonkey/parkour/assets/script/shieldManager.ts from cce:/internal/x/prerequisite-imports as file:///Users/liuhongbo/Downloads/NaughtyMonkey/parkour/assets/script/shieldManager.ts.
debug: Detected change: file:///Users/liuhongbo/Downloads/NaughtyMonkey/parkour/assets/monkey_controller.ts. Last mtime: Wed Apr 13 2022 17:11:05 GMT+0800 (中国标准时间)@1f9f6b59-7d89-4590-b13c-b5d27fd69ae0, Current mtime: Wed Apr 13 2022 17:33:21 GMT+0800 (中国标准时间)@1f9f6b59-7d89-4590-b13c-b5d27fd69ae0
debug: Inspect file:///Users/liuhongbo/Downloads/NaughtyMonkey/parkour/assets/monkey_controller.ts
debug: Resolve cce:/internal/code-quality/cr.mjs from file:///Users/liuhongbo/Downloads/NaughtyMonkey/parkour/assets/monkey_controller.ts as cce:/internal/code-quality/cr.mjs.
debug: Resolve cc from file:///Users/liuhongbo/Downloads/NaughtyMonkey/parkour/assets/monkey_controller.ts as cce:/internal/x/cc.
debug: Resolve cc from file:///Users/liuhongbo/Downloads/NaughtyMonkey/parkour/assets/monkey_controller.ts as cce:/internal/x/cc.
debug: Resolve ./HedgehogController from file:///Users/liuhongbo/Downloads/NaughtyMonkey/parkour/assets/monkey_controller.ts as file:///Users/liuhongbo/Downloads/NaughtyMonkey/parkour/assets/HedgehogController.ts.
debug: Resolve ./script/bananaControl from file:///Users/liuhongbo/Downloads/NaughtyMonkey/parkour/assets/monkey_controller.ts as file:///Users/liuhongbo/Downloads/NaughtyMonkey/parkour/assets/script/bananaControl.ts.
debug: Resolve ./script/shieldControl from file:///Users/liuhongbo/Downloads/NaughtyMonkey/parkour/assets/monkey_controller.ts as file:///Users/liuhongbo/Downloads/NaughtyMonkey/parkour/assets/script/shieldControl.ts.
debug: Resolve ./script/bananaManager from file:///Users/liuhongbo/Downloads/NaughtyMonkey/parkour/assets/monkey_controller.ts as file:///Users/liuhongbo/Downloads/NaughtyMonkey/parkour/assets/script/bananaManager.ts.
debug: Resolve ./BeeController from file:///Users/liuhongbo/Downloads/NaughtyMonkey/parkour/assets/monkey_controller.ts as file:///Users/liuhongbo/Downloads/NaughtyMonkey/parkour/assets/BeeController.ts.
debug: Target(preview) ends with cost 182.57749998569489ms.
