2022-04-13 16:59:44-log: [Package] menu@1.0.0 enable
2022-04-13 16:59:44-log: [Package] profile@1.0.0 enable
2022-04-13 16:59:44-log: [Package] project@1.0.1 enable
2022-04-13 16:59:44-log: [Package] messages@1.0.0 enable
2022-04-13 16:59:44-log: [Package] program@1.0.0 enable
2022-04-13 16:59:44-log: [Package] device@1.0.1 enable
2022-04-13 16:59:44-log: [Package] ui-kit@1.0.1 enable
2022-04-13 16:59:44-log: [Package] tester@1.0.0 enable
2022-04-13 16:59:44-log: [Package] preferences@1.0.0 enable
2022-04-13 16:59:45-log: Setup mods mgr.: 257.805ms
2022-04-13 16:59:45-log: [Package] engine@1.0.5 enable
2022-04-13 16:59:48-log: [Package] programming@1.0.0 enable
2022-04-13 16:59:48-log: [Package] engine-extends@1.0.0 enable
2022-04-13 16:59:48-log: [Package] asset-db@1.0.0 enable
2022-04-13 16:59:48-log: [Package] console@1.0.0 enable
2022-04-13 16:59:48-log: [Package] scene@1.0.0 enable
2022-04-13 16:59:48-log: [Package] about@1.0.0 enable
2022-04-13 16:59:48-log: [Package] server@1.0.0 enable
2022-04-13 16:59:48-log: [Package] utils@1.0.0 enable
2022-04-13 16:59:49-log: [Package] assets@1.0.0 enable
2022-04-13 16:59:49-log: [Package] inspector@1.0.0 enable
2022-04-13 16:59:49-log: [Package] hierarchy@1.0.0 enable
2022-04-13 16:59:51-log: [Package] preview@1.0.1 enable
2022-04-13 16:59:51-log: [Package] animator@1.0.0 enable
2022-04-13 16:59:53-log: [Package] builder@1.3.0 enable
2022-04-13 16:59:53-log: [Package] node-library@1.0.0 enable
2022-04-13 16:59:53-log: [Package] shortcuts@1.0.1 enable
2022-04-13 16:59:53-log: [Package] package-asset@1.0.0 enable
2022-04-13 16:59:53-log: [Package] reference-image@1.0.0 enable
2022-04-13 16:59:53-log: [Package] animation-graph@1.0.0 enable
2022-04-13 16:59:53-log: [Package] channel-upload-tools@1.0.0 enable
2022-04-13 16:59:53-log: [Package] runtime-dev-tools@1.0.0 enable
2022-04-13 16:59:53-log: [Package] lightmap@1.0.4 enable
2022-04-13 16:59:53-log: [Package] alipay-mini-game@1.0.0 enable
2022-04-13 16:59:53-log: [Package] android@1.0.0 enable
2022-04-13 16:59:53-log: [Package] baidu-mini-game@1.0.0 enable
2022-04-13 16:59:54-log: [Package] bytedance-mini-game@1.0.1 enable
2022-04-13 16:59:54-log: [Package] huawei-agc@1.0.0 enable
2022-04-13 16:59:55-log: [Package] ios@1.0.0 enable
2022-04-13 16:59:55-log: [Package] ios-app-clip@1.0.0 enable
2022-04-13 16:59:55-log: [Package] mac@1.0.0 enable
2022-04-13 16:59:55-log: [Package] native@1.0.0 enable
2022-04-13 16:59:55-log: [Package] ohos@1.0.0 enable
2022-04-13 16:59:55-log: [Package] web-desktop@1.0.0 enable
2022-04-13 16:59:55-log: [Package] web-mobile@1.0.0 enable
2022-04-13 16:59:55-log: [Package] wechatgame@1.0.1 enable
2022-04-13 16:59:55-log: [Package] windows@1.0.0 enable
2022-04-13 16:59:55-log: [Package] xiaomi-quick-game@1.0.0 enable
2022-04-13 16:59:55-log: [Package] cocos-play@1.0.0 enable
2022-04-13 16:59:55-log: [Package] huawei-quick-game@1.0.0 enable
2022-04-13 16:59:55-log: [Package] link-sure@1.0.0 enable
2022-04-13 16:59:55-log: [Package] oppo-mini-game@1.0.0 enable
2022-04-13 16:59:55-log: [Package] qtt@1.0.0 enable
2022-04-13 16:59:55-log: [Package] vivo-mini-game@1.0.0 enable
2022-04-13 16:59:56-log: [Package] cocos-service@3.0.2 enable
2022-04-13 16:59:56-log: [Package] importer@1.0.0 enable
2022-04-13 16:59:56-log: [Package] extension@3.0.15 enable
2022-04-13 16:59:56-log: [Im-plugin] Check im-plugin version.
2022-04-13 16:59:56-log: [Package] im-plugin@3.0.8 enable
2022-04-13 16:59:58-log: [Im-plugin] No online info of im-plugin.
2022-04-13 17:00:04-warn: Browserslist: caniuse-lite is outdated. Please run:
npx browserslist@latest --update-db

Why you should do it regularly:
https://github.com/browserslist/browserslist#browsers-data-updating
2022-04-13 17:00:06-log: [Scene] begin init
2022-04-13 17:00:06-log: [Scene] require engine end
2022-04-13 17:00:06-log: [Scene] Serialize end
2022-04-13 17:00:06-log: [Scene] configureStartup end
2022-04-13 17:00:06-log: [Scene] Cocos Creator v3.4.1
2022-04-13 17:00:06-warn: [Scene] Found possible circular reference in "pack:///mods/fs/0/assets/HedgehogController.js", happened when use "monkey_controller" imported from "./monkey_controller"  Error
    at Object.execute (/Users/liuhongbo/Downloads/NaughtyMonkey/parkour/temp/programming/packer-driver/targets/editor/mods/fs/0/assets/HedgehogController.js:70:16)
    at doExec (/Applications/CocosCreator/Creator/3.4.1/CocosCreator.app/Contents/Resources/app.asar/node_modules/@editor/lib-programming/static/executor/systemjs-bridge/out/index.js:487:32)
    at postOrderExec (/Applications/CocosCreator/Creator/3.4.1/CocosCreator.app/Contents/Resources/app.asar/node_modules/@editor/lib-programming/static/executor/systemjs-bridge/out/index.js:483:10)
    at /Applications/CocosCreator/Creator/3.4.1/CocosCreator.app/Contents/Resources/app.asar/node_modules/@editor/lib-programming/static/executor/systemjs-bridge/out/index.js:469:28
    at Array.forEach (<anonymous>)
    at postOrderExec (/Applications/CocosCreator/Creator/3.4.1/CocosCreator.app/Contents/Resources/app.asar/node_modules/@editor/lib-programming/static/executor/systemjs-bridge/out/index.js:467:10)
    at /Applications/CocosCreator/Creator/3.4.1/CocosCreator.app/Contents/Resources/app.asar/node_modules/@editor/lib-programming/static/executor/systemjs-bridge/out/index.js:469:28
    at Array.forEach (<anonymous>)
    at postOrderExec (/Applications/CocosCreator/Creator/3.4.1/CocosCreator.app/Contents/Resources/app.asar/node_modules/@editor/lib-programming/static/executor/systemjs-bridge/out/index.js:467:10)
    at /Applications/CocosCreator/Creator/3.4.1/CocosCreator.app/Contents/Resources/app.asar/node_modules/@editor/lib-programming/static/executor/systemjs-bridge/out/index.js:440:12
2022-04-13 17:00:06-warn: [Scene] The type of "HedgehogController.y" must be CCFloat or CCInteger, not Number.
2022-04-13 17:00:06-warn: [Scene] The type of "HedgehogController.judge_time" must be CCFloat or CCInteger, not Number.
2022-04-13 17:00:06-warn: [Scene] The type of "HedgehogController.run_possibility" must be CCFloat or CCInteger, not Number.
2022-04-13 17:00:06-warn: [Scene] The type of "HedgehogController.up_possibility" must be CCFloat or CCInteger, not Number.
2022-04-13 17:00:06-warn: [Scene] The type of "HedgehogController.revert_possibility" must be CCFloat or CCInteger, not Number.
2022-04-13 17:00:06-warn: [Scene] The type of "HedgehogController.speed" must be CCFloat or CCInteger, not Number.
2022-04-13 17:00:06-warn: [Scene] You are explicitly specifying `undefined` type to cc property "mk_controller" of cc class "HedgehogController".
Is this intended? If not, this may indicate a circular reference.
For example:

 
// foo.ts
import { _decorator } from 'cc';
import { Bar } from './bar';  // Given that './bar' also reference 'foo.ts'.
                              // When importing './bar', execution of './bar' is hung on to wait execution of 'foo.ts',
                              // the `Bar` imported here is `undefined` until './bar' finish its execution.
                              // It leads to that
@_decorator.ccclass           //  ↓
export class Foo {            //  ↓
    @_decorator.type(Bar)     //  → is equivalent to `@_decorator.type(undefined)`
    public bar: Bar;          // To eliminate this error, either:
                              // - Refactor your module structure(recommended), or
                              // - specify the type as cc class name: `@_decorator.type('Bar'/* or any name you specified for `Bar` */)`
}
2022-04-13 17:00:06-warn: [Scene] Please specifiy a default value for "HedgehogController.mk_controller" property at its declaration:

 
// Before:
@property(...)
myProp;
// After:
@property(...)
myProp = 0;
2022-04-13 17:00:06-warn: [Scene] The type of "monkey_controller.NumOfHedgehogs" must be CCFloat or CCInteger, not Number.
2022-04-13 17:00:06-warn: [Scene] The type of "BeeController.y" must be CCFloat or CCInteger, not Number.
2022-04-13 17:00:06-warn: [Scene] The type of "BeeController.speed" must be CCFloat or CCInteger, not Number.
2022-04-13 17:00:06-warn: [Scene] The type of "BirdController.y" must be CCFloat or CCInteger, not Number.
2022-04-13 17:00:06-warn: [Scene] The type of "BirdController.speed" must be CCFloat or CCInteger, not Number.
2022-04-13 17:00:06-warn: [Scene] The type of "StoneController.speed" must be CCFloat or CCInteger, not Number.
2022-04-13 17:00:06-warn: [Scene] The type of "StoneController.judge_time" must be CCFloat or CCInteger, not Number.
2022-04-13 17:00:06-warn: [Scene] The type of "StoneController.reset_probability" must be CCFloat or CCInteger, not Number.
2022-04-13 17:00:07-info: [Scene] Forward render pipeline initialized.
2022-04-13 17:00:07-log: [Scene] openEngine end
2022-04-13 17:00:07-log: [Scene] configureEngine end
2022-04-13 17:00:09-warn: [Scene] Found possible circular reference in "pack:///mods/fs/0/assets/HedgehogController.js", happened when use "monkey_controller" imported from "./monkey_controller"  Error
    at Object.execute (/Users/liuhongbo/Downloads/NaughtyMonkey/parkour/temp/programming/packer-driver/targets/editor/mods/fs/0/assets/HedgehogController.js:70:16)
    at doExec (/Applications/CocosCreator/Creator/3.4.1/CocosCreator.app/Contents/Resources/app.asar/node_modules/@editor/lib-programming/static/executor/systemjs-bridge/out/index.js:487:32)
    at postOrderExec (/Applications/CocosCreator/Creator/3.4.1/CocosCreator.app/Contents/Resources/app.asar/node_modules/@editor/lib-programming/static/executor/systemjs-bridge/out/index.js:483:10)
    at /Applications/CocosCreator/Creator/3.4.1/CocosCreator.app/Contents/Resources/app.asar/node_modules/@editor/lib-programming/static/executor/systemjs-bridge/out/index.js:469:28
    at Array.forEach (<anonymous>)
    at postOrderExec (/Applications/CocosCreator/Creator/3.4.1/CocosCreator.app/Contents/Resources/app.asar/node_modules/@editor/lib-programming/static/executor/systemjs-bridge/out/index.js:467:10)
    at /Applications/CocosCreator/Creator/3.4.1/CocosCreator.app/Contents/Resources/app.asar/node_modules/@editor/lib-programming/static/executor/systemjs-bridge/out/index.js:469:28
    at Array.forEach (<anonymous>)
    at postOrderExec (/Applications/CocosCreator/Creator/3.4.1/CocosCreator.app/Contents/Resources/app.asar/node_modules/@editor/lib-programming/static/executor/systemjs-bridge/out/index.js:467:10)
    at /Applications/CocosCreator/Creator/3.4.1/CocosCreator.app/Contents/Resources/app.asar/node_modules/@editor/lib-programming/static/executor/systemjs-bridge/out/index.js:440:12
2022-04-13 17:00:09-warn: [Scene] The type of "HedgehogController.y" must be CCFloat or CCInteger, not Number.
2022-04-13 17:00:09-warn: [Scene] The type of "HedgehogController.judge_time" must be CCFloat or CCInteger, not Number.
2022-04-13 17:00:09-warn: [Scene] The type of "HedgehogController.run_possibility" must be CCFloat or CCInteger, not Number.
2022-04-13 17:00:09-warn: [Scene] The type of "HedgehogController.up_possibility" must be CCFloat or CCInteger, not Number.
2022-04-13 17:00:09-warn: [Scene] The type of "HedgehogController.revert_possibility" must be CCFloat or CCInteger, not Number.
2022-04-13 17:00:09-warn: [Scene] The type of "HedgehogController.speed" must be CCFloat or CCInteger, not Number.
2022-04-13 17:00:09-warn: [Scene] You are explicitly specifying `undefined` type to cc property "mk_controller" of cc class "HedgehogController".
Is this intended? If not, this may indicate a circular reference.
For example:

 
// foo.ts
import { _decorator } from 'cc';
import { Bar } from './bar';  // Given that './bar' also reference 'foo.ts'.
                              // When importing './bar', execution of './bar' is hung on to wait execution of 'foo.ts',
                              // the `Bar` imported here is `undefined` until './bar' finish its execution.
                              // It leads to that
@_decorator.ccclass           //  ↓
export class Foo {            //  ↓
    @_decorator.type(Bar)     //  → is equivalent to `@_decorator.type(undefined)`
    public bar: Bar;          // To eliminate this error, either:
                              // - Refactor your module structure(recommended), or
                              // - specify the type as cc class name: `@_decorator.type('Bar'/* or any name you specified for `Bar` */)`
}
2022-04-13 17:00:09-warn: [Scene] Please specifiy a default value for "HedgehogController.mk_controller" property at its declaration:

 
// Before:
@property(...)
myProp;
// After:
@property(...)
myProp = 0;
2022-04-13 17:00:09-warn: [Scene] The type of "monkey_controller.NumOfHedgehogs" must be CCFloat or CCInteger, not Number.
2022-04-13 17:00:09-warn: [Scene] The type of "BeeController.y" must be CCFloat or CCInteger, not Number.
2022-04-13 17:00:09-warn: [Scene] The type of "BeeController.speed" must be CCFloat or CCInteger, not Number.
2022-04-13 17:00:09-warn: [Scene] The type of "BirdController.y" must be CCFloat or CCInteger, not Number.
2022-04-13 17:00:09-warn: [Scene] The type of "BirdController.speed" must be CCFloat or CCInteger, not Number.
2022-04-13 17:00:09-warn: [Scene] The type of "StoneController.speed" must be CCFloat or CCInteger, not Number.
2022-04-13 17:00:09-warn: [Scene] The type of "StoneController.judge_time" must be CCFloat or CCInteger, not Number.
2022-04-13 17:00:09-warn: [Scene] The type of "StoneController.reset_probability" must be CCFloat or CCInteger, not Number.
2022-04-13 17:11:14-warn: [Scene] Found possible circular reference in "pack:///mods/fs/0/assets/HedgehogController.js", happened when use "monkey_controller" imported from "./monkey_controller"  Error
    at Object.execute (/Users/liuhongbo/Downloads/NaughtyMonkey/parkour/temp/programming/packer-driver/targets/editor/mods/fs/0/assets/HedgehogController.js:70:16)
    at doExec (/Applications/CocosCreator/Creator/3.4.1/CocosCreator.app/Contents/Resources/app.asar/node_modules/@editor/lib-programming/static/executor/systemjs-bridge/out/index.js:487:32)
    at postOrderExec (/Applications/CocosCreator/Creator/3.4.1/CocosCreator.app/Contents/Resources/app.asar/node_modules/@editor/lib-programming/static/executor/systemjs-bridge/out/index.js:483:10)
    at /Applications/CocosCreator/Creator/3.4.1/CocosCreator.app/Contents/Resources/app.asar/node_modules/@editor/lib-programming/static/executor/systemjs-bridge/out/index.js:469:28
    at Array.forEach (<anonymous>)
    at postOrderExec (/Applications/CocosCreator/Creator/3.4.1/CocosCreator.app/Contents/Resources/app.asar/node_modules/@editor/lib-programming/static/executor/systemjs-bridge/out/index.js:467:10)
    at /Applications/CocosCreator/Creator/3.4.1/CocosCreator.app/Contents/Resources/app.asar/node_modules/@editor/lib-programming/static/executor/systemjs-bridge/out/index.js:469:28
    at Array.forEach (<anonymous>)
    at postOrderExec (/Applications/CocosCreator/Creator/3.4.1/CocosCreator.app/Contents/Resources/app.asar/node_modules/@editor/lib-programming/static/executor/systemjs-bridge/out/index.js:467:10)
    at /Applications/CocosCreator/Creator/3.4.1/CocosCreator.app/Contents/Resources/app.asar/node_modules/@editor/lib-programming/static/executor/systemjs-bridge/out/index.js:440:12
2022-04-13 17:11:14-warn: [Scene] The type of "HedgehogController.y" must be CCFloat or CCInteger, not Number.
2022-04-13 17:11:14-warn: [Scene] The type of "HedgehogController.judge_time" must be CCFloat or CCInteger, not Number.
2022-04-13 17:11:14-warn: [Scene] The type of "HedgehogController.run_possibility" must be CCFloat or CCInteger, not Number.
2022-04-13 17:11:14-warn: [Scene] The type of "HedgehogController.up_possibility" must be CCFloat or CCInteger, not Number.
2022-04-13 17:11:14-warn: [Scene] The type of "HedgehogController.revert_possibility" must be CCFloat or CCInteger, not Number.
2022-04-13 17:11:14-warn: [Scene] The type of "HedgehogController.speed" must be CCFloat or CCInteger, not Number.
2022-04-13 17:11:14-warn: [Scene] You are explicitly specifying `undefined` type to cc property "mk_controller" of cc class "HedgehogController".
Is this intended? If not, this may indicate a circular reference.
For example:

 
// foo.ts
import { _decorator } from 'cc';
import { Bar } from './bar';  // Given that './bar' also reference 'foo.ts'.
                              // When importing './bar', execution of './bar' is hung on to wait execution of 'foo.ts',
                              // the `Bar` imported here is `undefined` until './bar' finish its execution.
                              // It leads to that
@_decorator.ccclass           //  ↓
export class Foo {            //  ↓
    @_decorator.type(Bar)     //  → is equivalent to `@_decorator.type(undefined)`
    public bar: Bar;          // To eliminate this error, either:
                              // - Refactor your module structure(recommended), or
                              // - specify the type as cc class name: `@_decorator.type('Bar'/* or any name you specified for `Bar` */)`
}
2022-04-13 17:11:14-warn: [Scene] Please specifiy a default value for "HedgehogController.mk_controller" property at its declaration:

 
// Before:
@property(...)
myProp;
// After:
@property(...)
myProp = 0;
2022-04-13 17:11:14-warn: [Scene] The type of "monkey_controller.NumOfHedgehogs" must be CCFloat or CCInteger, not Number.
2022-04-13 17:11:14-warn: [Scene] The type of "BeeController.y" must be CCFloat or CCInteger, not Number.
2022-04-13 17:11:14-warn: [Scene] The type of "BeeController.speed" must be CCFloat or CCInteger, not Number.
2022-04-13 17:11:14-warn: [Scene] The type of "BirdController.y" must be CCFloat or CCInteger, not Number.
2022-04-13 17:11:14-warn: [Scene] The type of "BirdController.speed" must be CCFloat or CCInteger, not Number.
2022-04-13 17:11:14-warn: [Scene] The type of "StoneController.speed" must be CCFloat or CCInteger, not Number.
2022-04-13 17:11:14-warn: [Scene] The type of "StoneController.judge_time" must be CCFloat or CCInteger, not Number.
2022-04-13 17:11:14-warn: [Scene] The type of "StoneController.reset_probability" must be CCFloat or CCInteger, not Number.
2022-04-13 17:16:30-error: [Scene] The Asset used by component "cc.Sprite" in scene "start_menu" is missing. Detailed information:
Asset url: "db://assets/start_menu"
Missing uuid: "961661eb-b3c4-434c-af31-e655b6965dcc@f9941"

2022-04-13 17:16:30-error: [Scene] The Asset used by component "cc.Sprite" in scene "start_menu" is missing. Detailed information:
Asset url: "db://assets/start_menu"
Missing uuid: "e898a62e-bf2f-4d61-8f51-30a4cec91e00@f9941"

2022-04-13 17:18:21-error: [Asset DB] ENOENT: no such file or directory, stat '/Users/liuhongbo/Downloads/NaughtyMonkey/parkour/assets/resources/imgs/ltree.png.meta'
2022-04-13 17:18:21-error: [Asset DB] ENOENT: no such file or directory, stat '/Users/liuhongbo/Downloads/NaughtyMonkey/parkour/assets/resources/imgs/ltree.png.meta'
2022-04-13 17:18:21-error: [Asset DB] ENOENT: no such file or directory, stat '/Users/liuhongbo/Downloads/NaughtyMonkey/parkour/assets/resources/imgs/ltree.png.meta'
2022-04-13 17:19:14-error: [Scene] The Asset used by component "cc.Sprite" in scene "scene" is missing. Detailed information:
Asset url: "db://assets/scene"
Missing uuid: "961661eb-b3c4-434c-af31-e655b6965dcc@f9941"

2022-04-13 17:19:14-error: [Scene] The Asset used by component "cc.Sprite" in scene "scene" is missing. Detailed information:
Asset url: "db://assets/scene"
Missing uuid: "e898a62e-bf2f-4d61-8f51-30a4cec91e00@f9941"

2022-04-13 17:20:09-error: [Scene] The Asset used by component "cc.Sprite" in scene "end_scene" is missing. Detailed information:
Asset url: "db://assets/end_scene"
Missing uuid: "961661eb-b3c4-434c-af31-e655b6965dcc@f9941"

2022-04-13 17:20:09-error: [Scene] The Asset used by component "cc.Sprite" in scene "end_scene" is missing. Detailed information:
Asset url: "db://assets/end_scene"
Missing uuid: "e898a62e-bf2f-4d61-8f51-30a4cec91e00@f9941"

2022-04-13 17:23:31-warn: [Build] Found possible circular reference in "pack:///mods/fs/0/assets/HedgehogController.js", happened when use "monkey_controller" imported from "./monkey_controller"  Error
    at Object.execute (/Users/liuhongbo/Downloads/NaughtyMonkey/parkour/temp/programming/packer-driver/targets/editor/mods/fs/0/assets/HedgehogController.js:70:16)
    at doExec (/Applications/CocosCreator/Creator/3.4.1/CocosCreator.app/Contents/Resources/app.asar/node_modules/@editor/lib-programming/static/executor/systemjs-bridge/out/index.js:487:32)
    at postOrderExec (/Applications/CocosCreator/Creator/3.4.1/CocosCreator.app/Contents/Resources/app.asar/node_modules/@editor/lib-programming/static/executor/systemjs-bridge/out/index.js:483:10)
    at /Applications/CocosCreator/Creator/3.4.1/CocosCreator.app/Contents/Resources/app.asar/node_modules/@editor/lib-programming/static/executor/systemjs-bridge/out/index.js:469:28
    at Array.forEach (<anonymous>)
    at postOrderExec (/Applications/CocosCreator/Creator/3.4.1/CocosCreator.app/Contents/Resources/app.asar/node_modules/@editor/lib-programming/static/executor/systemjs-bridge/out/index.js:467:10)
    at /Applications/CocosCreator/Creator/3.4.1/CocosCreator.app/Contents/Resources/app.asar/node_modules/@editor/lib-programming/static/executor/systemjs-bridge/out/index.js:469:28
    at Array.forEach (<anonymous>)
    at postOrderExec (/Applications/CocosCreator/Creator/3.4.1/CocosCreator.app/Contents/Resources/app.asar/node_modules/@editor/lib-programming/static/executor/systemjs-bridge/out/index.js:467:10)
    at /Applications/CocosCreator/Creator/3.4.1/CocosCreator.app/Contents/Resources/app.asar/node_modules/@editor/lib-programming/static/executor/systemjs-bridge/out/index.js:440:12
2022-04-13 17:23:31-warn: [Build] The type of "HedgehogController.y" must be CCFloat or CCInteger, not Number.
2022-04-13 17:23:31-warn: [Build] The type of "HedgehogController.judge_time" must be CCFloat or CCInteger, not Number.
2022-04-13 17:23:31-warn: [Build] The type of "HedgehogController.run_possibility" must be CCFloat or CCInteger, not Number.
2022-04-13 17:23:31-warn: [Build] The type of "HedgehogController.up_possibility" must be CCFloat or CCInteger, not Number.
2022-04-13 17:23:31-warn: [Build] The type of "HedgehogController.revert_possibility" must be CCFloat or CCInteger, not Number.
2022-04-13 17:23:31-warn: [Build] The type of "HedgehogController.speed" must be CCFloat or CCInteger, not Number.
2022-04-13 17:23:31-warn: [Build] You are explicitly specifying `undefined` type to cc property "mk_controller" of cc class "HedgehogController".
Is this intended? If not, this may indicate a circular reference.
For example:

 
// foo.ts
import { _decorator } from 'cc';
import { Bar } from './bar';  // Given that './bar' also reference 'foo.ts'.
                              // When importing './bar', execution of './bar' is hung on to wait execution of 'foo.ts',
                              // the `Bar` imported here is `undefined` until './bar' finish its execution.
                              // It leads to that
@_decorator.ccclass           //  ↓
export class Foo {            //  ↓
    @_decorator.type(Bar)     //  → is equivalent to `@_decorator.type(undefined)`
    public bar: Bar;          // To eliminate this error, either:
                              // - Refactor your module structure(recommended), or
                              // - specify the type as cc class name: `@_decorator.type('Bar'/* or any name you specified for `Bar` */)`
}
2022-04-13 17:23:31-warn: [Build] The type of "monkey_controller.NumOfHedgehogs" must be CCFloat or CCInteger, not Number.
2022-04-13 17:23:31-warn: [Build] The type of "BeeController.y" must be CCFloat or CCInteger, not Number.
2022-04-13 17:23:31-warn: [Build] The type of "BeeController.speed" must be CCFloat or CCInteger, not Number.
2022-04-13 17:23:31-warn: [Build] The type of "BirdController.y" must be CCFloat or CCInteger, not Number.
2022-04-13 17:23:31-warn: [Build] The type of "BirdController.speed" must be CCFloat or CCInteger, not Number.
2022-04-13 17:23:31-warn: [Build] The type of "StoneController.speed" must be CCFloat or CCInteger, not Number.
2022-04-13 17:23:31-warn: [Build] The type of "StoneController.judge_time" must be CCFloat or CCInteger, not Number.
2022-04-13 17:23:31-warn: [Build] The type of "StoneController.reset_probability" must be CCFloat or CCInteger, not Number.
2022-04-13 17:23:32-error: [Build] 资源（{asset(db://assets/resources/ltree.prefab)}）引用的资源（{asset(961661eb-b3c4-434c-af31-e655b6965dcc@f9941)}）无法在项目内找到，请检查该资源是否导入失败或者被误删除。
2022-04-13 17:23:32-warn: [Build] Browserslist: caniuse-lite is outdated. Please run:
npx browserslist@latest --update-db
2022-04-13 17:23:33-warn: [Build] Browserslist: caniuse-lite is outdated. Please run:
npx browserslist@latest --update-db

Why you should do it regularly:
https://github.com/browserslist/browserslist#browsers-data-updating
2022-04-13 17:23:39-warn: [Build] [[Build.Script.Rollup]] Circular dependency: file:///Users/liuhongbo/Downloads/NaughtyMonkey/parkour/assets/monkey_controller.ts -> file:///Users/liuhongbo/Downloads/NaughtyMonkey/parkour/assets/HedgehogController.ts -> file:///Users/liuhongbo/Downloads/NaughtyMonkey/parkour/assets/monkey_controller.ts
2022-04-13 17:23:39-warn: [Build] [[Build.Script.Rollup]] Circular dependency: file:///Users/liuhongbo/Downloads/NaughtyMonkey/parkour/assets/monkey_controller.ts -> file:///Users/liuhongbo/Downloads/NaughtyMonkey/parkour/assets/BeeController.ts -> file:///Users/liuhongbo/Downloads/NaughtyMonkey/parkour/assets/monkey_controller.ts
2022-04-13 17:30:05-warn: [Build] Found possible circular reference in "pack:///mods/fs/0/assets/HedgehogController.js", happened when use "monkey_controller" imported from "./monkey_controller"  Error
    at Object.execute (/Users/liuhongbo/Downloads/NaughtyMonkey/parkour/temp/programming/packer-driver/targets/editor/mods/fs/0/assets/HedgehogController.js:70:16)
    at doExec (/Applications/CocosCreator/Creator/3.4.1/CocosCreator.app/Contents/Resources/app.asar/node_modules/@editor/lib-programming/static/executor/systemjs-bridge/out/index.js:487:32)
    at postOrderExec (/Applications/CocosCreator/Creator/3.4.1/CocosCreator.app/Contents/Resources/app.asar/node_modules/@editor/lib-programming/static/executor/systemjs-bridge/out/index.js:483:10)
    at /Applications/CocosCreator/Creator/3.4.1/CocosCreator.app/Contents/Resources/app.asar/node_modules/@editor/lib-programming/static/executor/systemjs-bridge/out/index.js:469:28
    at Array.forEach (<anonymous>)
    at postOrderExec (/Applications/CocosCreator/Creator/3.4.1/CocosCreator.app/Contents/Resources/app.asar/node_modules/@editor/lib-programming/static/executor/systemjs-bridge/out/index.js:467:10)
    at /Applications/CocosCreator/Creator/3.4.1/CocosCreator.app/Contents/Resources/app.asar/node_modules/@editor/lib-programming/static/executor/systemjs-bridge/out/index.js:469:28
    at Array.forEach (<anonymous>)
    at postOrderExec (/Applications/CocosCreator/Creator/3.4.1/CocosCreator.app/Contents/Resources/app.asar/node_modules/@editor/lib-programming/static/executor/systemjs-bridge/out/index.js:467:10)
    at /Applications/CocosCreator/Creator/3.4.1/CocosCreator.app/Contents/Resources/app.asar/node_modules/@editor/lib-programming/static/executor/systemjs-bridge/out/index.js:440:12
2022-04-13 17:30:05-warn: [Build] The type of "HedgehogController.y" must be CCFloat or CCInteger, not Number.
2022-04-13 17:30:05-warn: [Build] The type of "HedgehogController.judge_time" must be CCFloat or CCInteger, not Number.
2022-04-13 17:30:05-warn: [Build] The type of "HedgehogController.run_possibility" must be CCFloat or CCInteger, not Number.
2022-04-13 17:30:05-warn: [Build] The type of "HedgehogController.up_possibility" must be CCFloat or CCInteger, not Number.
2022-04-13 17:30:05-warn: [Build] The type of "HedgehogController.revert_possibility" must be CCFloat or CCInteger, not Number.
2022-04-13 17:30:05-warn: [Build] The type of "HedgehogController.speed" must be CCFloat or CCInteger, not Number.
2022-04-13 17:30:05-warn: [Build] You are explicitly specifying `undefined` type to cc property "mk_controller" of cc class "HedgehogController".
Is this intended? If not, this may indicate a circular reference.
For example:

 
// foo.ts
import { _decorator } from 'cc';
import { Bar } from './bar';  // Given that './bar' also reference 'foo.ts'.
                              // When importing './bar', execution of './bar' is hung on to wait execution of 'foo.ts',
                              // the `Bar` imported here is `undefined` until './bar' finish its execution.
                              // It leads to that
@_decorator.ccclass           //  ↓
export class Foo {            //  ↓
    @_decorator.type(Bar)     //  → is equivalent to `@_decorator.type(undefined)`
    public bar: Bar;          // To eliminate this error, either:
                              // - Refactor your module structure(recommended), or
                              // - specify the type as cc class name: `@_decorator.type('Bar'/* or any name you specified for `Bar` */)`
}
2022-04-13 17:30:05-warn: [Build] The type of "monkey_controller.NumOfHedgehogs" must be CCFloat or CCInteger, not Number.
2022-04-13 17:30:05-warn: [Build] The type of "BeeController.y" must be CCFloat or CCInteger, not Number.
2022-04-13 17:30:05-warn: [Build] The type of "BeeController.speed" must be CCFloat or CCInteger, not Number.
2022-04-13 17:30:05-warn: [Build] The type of "BirdController.y" must be CCFloat or CCInteger, not Number.
2022-04-13 17:30:05-warn: [Build] The type of "BirdController.speed" must be CCFloat or CCInteger, not Number.
2022-04-13 17:30:05-warn: [Build] The type of "StoneController.speed" must be CCFloat or CCInteger, not Number.
2022-04-13 17:30:05-warn: [Build] The type of "StoneController.judge_time" must be CCFloat or CCInteger, not Number.
2022-04-13 17:30:05-warn: [Build] The type of "StoneController.reset_probability" must be CCFloat or CCInteger, not Number.
2022-04-13 17:30:06-error: [Build] 资源（{asset(db://assets/resources/ltree.prefab)}）引用的资源（{asset(961661eb-b3c4-434c-af31-e655b6965dcc@f9941)}）无法在项目内找到，请检查该资源是否导入失败或者被误删除。
2022-04-13 17:30:11-warn: [Build] [[Build.Script.Rollup]] Circular dependency: file:///Users/liuhongbo/Downloads/NaughtyMonkey/parkour/assets/monkey_controller.ts -> file:///Users/liuhongbo/Downloads/NaughtyMonkey/parkour/assets/HedgehogController.ts -> file:///Users/liuhongbo/Downloads/NaughtyMonkey/parkour/assets/monkey_controller.ts
2022-04-13 17:30:11-warn: [Build] [[Build.Script.Rollup]] Circular dependency: file:///Users/liuhongbo/Downloads/NaughtyMonkey/parkour/assets/monkey_controller.ts -> file:///Users/liuhongbo/Downloads/NaughtyMonkey/parkour/assets/BeeController.ts -> file:///Users/liuhongbo/Downloads/NaughtyMonkey/parkour/assets/monkey_controller.ts
2022-04-13 17:33:26-warn: [Scene] Found possible circular reference in "pack:///mods/fs/0/assets/HedgehogController.js", happened when use "monkey_controller" imported from "./monkey_controller"  Error
    at Object.execute (/Users/liuhongbo/Downloads/NaughtyMonkey/parkour/temp/programming/packer-driver/targets/editor/mods/fs/0/assets/HedgehogController.js:70:16)
    at doExec (/Applications/CocosCreator/Creator/3.4.1/CocosCreator.app/Contents/Resources/app.asar/node_modules/@editor/lib-programming/static/executor/systemjs-bridge/out/index.js:487:32)
    at postOrderExec (/Applications/CocosCreator/Creator/3.4.1/CocosCreator.app/Contents/Resources/app.asar/node_modules/@editor/lib-programming/static/executor/systemjs-bridge/out/index.js:483:10)
    at /Applications/CocosCreator/Creator/3.4.1/CocosCreator.app/Contents/Resources/app.asar/node_modules/@editor/lib-programming/static/executor/systemjs-bridge/out/index.js:469:28
    at Array.forEach (<anonymous>)
    at postOrderExec (/Applications/CocosCreator/Creator/3.4.1/CocosCreator.app/Contents/Resources/app.asar/node_modules/@editor/lib-programming/static/executor/systemjs-bridge/out/index.js:467:10)
    at /Applications/CocosCreator/Creator/3.4.1/CocosCreator.app/Contents/Resources/app.asar/node_modules/@editor/lib-programming/static/executor/systemjs-bridge/out/index.js:469:28
    at Array.forEach (<anonymous>)
    at postOrderExec (/Applications/CocosCreator/Creator/3.4.1/CocosCreator.app/Contents/Resources/app.asar/node_modules/@editor/lib-programming/static/executor/systemjs-bridge/out/index.js:467:10)
    at /Applications/CocosCreator/Creator/3.4.1/CocosCreator.app/Contents/Resources/app.asar/node_modules/@editor/lib-programming/static/executor/systemjs-bridge/out/index.js:440:12
2022-04-13 17:33:26-warn: [Scene] The type of "HedgehogController.y" must be CCFloat or CCInteger, not Number.
2022-04-13 17:33:26-warn: [Scene] The type of "HedgehogController.judge_time" must be CCFloat or CCInteger, not Number.
2022-04-13 17:33:26-warn: [Scene] The type of "HedgehogController.run_possibility" must be CCFloat or CCInteger, not Number.
2022-04-13 17:33:26-warn: [Scene] The type of "HedgehogController.up_possibility" must be CCFloat or CCInteger, not Number.
2022-04-13 17:33:26-warn: [Scene] The type of "HedgehogController.revert_possibility" must be CCFloat or CCInteger, not Number.
2022-04-13 17:33:26-warn: [Scene] The type of "HedgehogController.speed" must be CCFloat or CCInteger, not Number.
2022-04-13 17:33:26-warn: [Scene] You are explicitly specifying `undefined` type to cc property "mk_controller" of cc class "HedgehogController".
Is this intended? If not, this may indicate a circular reference.
For example:

 
// foo.ts
import { _decorator } from 'cc';
import { Bar } from './bar';  // Given that './bar' also reference 'foo.ts'.
                              // When importing './bar', execution of './bar' is hung on to wait execution of 'foo.ts',
                              // the `Bar` imported here is `undefined` until './bar' finish its execution.
                              // It leads to that
@_decorator.ccclass           //  ↓
export class Foo {            //  ↓
    @_decorator.type(Bar)     //  → is equivalent to `@_decorator.type(undefined)`
    public bar: Bar;          // To eliminate this error, either:
                              // - Refactor your module structure(recommended), or
                              // - specify the type as cc class name: `@_decorator.type('Bar'/* or any name you specified for `Bar` */)`
}
2022-04-13 17:33:26-warn: [Scene] Please specifiy a default value for "HedgehogController.mk_controller" property at its declaration:

 
// Before:
@property(...)
myProp;
// After:
@property(...)
myProp = 0;
2022-04-13 17:33:26-warn: [Scene] The type of "monkey_controller.NumOfHedgehogs" must be CCFloat or CCInteger, not Number.
2022-04-13 17:33:26-warn: [Scene] The type of "BeeController.y" must be CCFloat or CCInteger, not Number.
2022-04-13 17:33:26-warn: [Scene] The type of "BeeController.speed" must be CCFloat or CCInteger, not Number.
2022-04-13 17:33:26-warn: [Scene] The type of "BirdController.y" must be CCFloat or CCInteger, not Number.
2022-04-13 17:33:26-warn: [Scene] The type of "BirdController.speed" must be CCFloat or CCInteger, not Number.
2022-04-13 17:33:26-warn: [Scene] The type of "StoneController.speed" must be CCFloat or CCInteger, not Number.
2022-04-13 17:33:26-warn: [Scene] The type of "StoneController.judge_time" must be CCFloat or CCInteger, not Number.
2022-04-13 17:33:26-warn: [Scene] The type of "StoneController.reset_probability" must be CCFloat or CCInteger, not Number.
2022-04-13 17:34:04-warn: [Build] Found possible circular reference in "pack:///mods/fs/0/assets/HedgehogController.js", happened when use "monkey_controller" imported from "./monkey_controller"  Error
    at Object.execute (/Users/liuhongbo/Downloads/NaughtyMonkey/parkour/temp/programming/packer-driver/targets/editor/mods/fs/0/assets/HedgehogController.js:70:16)
    at doExec (/Applications/CocosCreator/Creator/3.4.1/CocosCreator.app/Contents/Resources/app.asar/node_modules/@editor/lib-programming/static/executor/systemjs-bridge/out/index.js:487:32)
    at postOrderExec (/Applications/CocosCreator/Creator/3.4.1/CocosCreator.app/Contents/Resources/app.asar/node_modules/@editor/lib-programming/static/executor/systemjs-bridge/out/index.js:483:10)
    at /Applications/CocosCreator/Creator/3.4.1/CocosCreator.app/Contents/Resources/app.asar/node_modules/@editor/lib-programming/static/executor/systemjs-bridge/out/index.js:469:28
    at Array.forEach (<anonymous>)
    at postOrderExec (/Applications/CocosCreator/Creator/3.4.1/CocosCreator.app/Contents/Resources/app.asar/node_modules/@editor/lib-programming/static/executor/systemjs-bridge/out/index.js:467:10)
    at /Applications/CocosCreator/Creator/3.4.1/CocosCreator.app/Contents/Resources/app.asar/node_modules/@editor/lib-programming/static/executor/systemjs-bridge/out/index.js:469:28
    at Array.forEach (<anonymous>)
    at postOrderExec (/Applications/CocosCreator/Creator/3.4.1/CocosCreator.app/Contents/Resources/app.asar/node_modules/@editor/lib-programming/static/executor/systemjs-bridge/out/index.js:467:10)
    at /Applications/CocosCreator/Creator/3.4.1/CocosCreator.app/Contents/Resources/app.asar/node_modules/@editor/lib-programming/static/executor/systemjs-bridge/out/index.js:440:12
2022-04-13 17:34:04-warn: [Build] The type of "HedgehogController.y" must be CCFloat or CCInteger, not Number.
2022-04-13 17:34:04-warn: [Build] The type of "HedgehogController.judge_time" must be CCFloat or CCInteger, not Number.
2022-04-13 17:34:04-warn: [Build] The type of "HedgehogController.run_possibility" must be CCFloat or CCInteger, not Number.
2022-04-13 17:34:04-warn: [Build] The type of "HedgehogController.up_possibility" must be CCFloat or CCInteger, not Number.
2022-04-13 17:34:04-warn: [Build] The type of "HedgehogController.revert_possibility" must be CCFloat or CCInteger, not Number.
2022-04-13 17:34:04-warn: [Build] The type of "HedgehogController.speed" must be CCFloat or CCInteger, not Number.
2022-04-13 17:34:04-warn: [Build] You are explicitly specifying `undefined` type to cc property "mk_controller" of cc class "HedgehogController".
Is this intended? If not, this may indicate a circular reference.
For example:

 
// foo.ts
import { _decorator } from 'cc';
import { Bar } from './bar';  // Given that './bar' also reference 'foo.ts'.
                              // When importing './bar', execution of './bar' is hung on to wait execution of 'foo.ts',
                              // the `Bar` imported here is `undefined` until './bar' finish its execution.
                              // It leads to that
@_decorator.ccclass           //  ↓
export class Foo {            //  ↓
    @_decorator.type(Bar)     //  → is equivalent to `@_decorator.type(undefined)`
    public bar: Bar;          // To eliminate this error, either:
                              // - Refactor your module structure(recommended), or
                              // - specify the type as cc class name: `@_decorator.type('Bar'/* or any name you specified for `Bar` */)`
}
2022-04-13 17:34:04-warn: [Build] The type of "monkey_controller.NumOfHedgehogs" must be CCFloat or CCInteger, not Number.
2022-04-13 17:34:04-warn: [Build] The type of "BeeController.y" must be CCFloat or CCInteger, not Number.
2022-04-13 17:34:04-warn: [Build] The type of "BeeController.speed" must be CCFloat or CCInteger, not Number.
2022-04-13 17:34:04-warn: [Build] The type of "BirdController.y" must be CCFloat or CCInteger, not Number.
2022-04-13 17:34:04-warn: [Build] The type of "BirdController.speed" must be CCFloat or CCInteger, not Number.
2022-04-13 17:34:04-warn: [Build] The type of "StoneController.speed" must be CCFloat or CCInteger, not Number.
2022-04-13 17:34:04-warn: [Build] The type of "StoneController.judge_time" must be CCFloat or CCInteger, not Number.
2022-04-13 17:34:04-warn: [Build] The type of "StoneController.reset_probability" must be CCFloat or CCInteger, not Number.
2022-04-13 17:34:04-error: [Build] 资源（{asset(db://assets/resources/ltree.prefab)}）引用的资源（{asset(961661eb-b3c4-434c-af31-e655b6965dcc@f9941)}）无法在项目内找到，请检查该资源是否导入失败或者被误删除。
2022-04-13 17:34:11-warn: [Build] [[Build.Script.Rollup]] Circular dependency: file:///Users/liuhongbo/Downloads/NaughtyMonkey/parkour/assets/monkey_controller.ts -> file:///Users/liuhongbo/Downloads/NaughtyMonkey/parkour/assets/HedgehogController.ts -> file:///Users/liuhongbo/Downloads/NaughtyMonkey/parkour/assets/monkey_controller.ts
2022-04-13 17:34:11-warn: [Build] [[Build.Script.Rollup]] Circular dependency: file:///Users/liuhongbo/Downloads/NaughtyMonkey/parkour/assets/monkey_controller.ts -> file:///Users/liuhongbo/Downloads/NaughtyMonkey/parkour/assets/BeeController.ts -> file:///Users/liuhongbo/Downloads/NaughtyMonkey/parkour/assets/monkey_controller.ts
